TN:
SF:src/backtest.ts
FN:51,main
FN:100,(anonymous_2)
FN:196,(anonymous_3)
FNF:3
FNH:0
FNDA:0,main
FNDA:0,(anonymous_2)
FNDA:0,(anonymous_3)
DA:2,0
DA:3,0
DA:4,0
DA:5,0
DA:12,0
DA:13,0
DA:14,0
DA:15,0
DA:17,0
DA:53,0
DA:54,0
DA:55,0
DA:56,0
DA:60,0
DA:61,0
DA:62,0
DA:63,0
DA:64,0
DA:65,0
DA:72,0
DA:73,0
DA:74,0
DA:75,0
DA:76,0
DA:80,0
DA:82,0
DA:83,0
DA:86,0
DA:89,0
DA:90,0
DA:91,0
DA:95,0
DA:99,0
DA:100,0
DA:101,0
DA:102,0
DA:114,0
DA:116,0
DA:122,0
DA:123,0
DA:126,0
DA:133,0
DA:134,0
DA:137,0
DA:146,0
DA:147,0
DA:150,0
DA:157,0
DA:158,0
DA:161,0
DA:169,0
DA:170,0
DA:174,0
DA:180,0
DA:181,0
DA:184,0
DA:185,0
DA:186,0
DA:187,0
DA:188,0
DA:189,0
DA:190,0
DA:191,0
DA:192,0
DA:193,0
DA:195,0
DA:196,0
DA:197,0
DA:198,0
DA:199,0
DA:200,0
DA:201,0
DA:202,0
DA:203,0
DA:204,0
DA:205,0
DA:206,0
DA:207,0
DA:209,0
DA:213,0
DA:214,0
DA:215,0
DA:216,0
DA:217,0
DA:218,0
DA:219,0
DA:220,0
DA:224,0
DA:228,0
LF:89
LH:0
BRDA:53,0,0,0
BRDA:53,0,1,0
BRDA:53,1,0,0
BRDA:53,1,1,0
BRDA:60,2,0,0
BRDA:60,2,1,0
BRDA:60,3,0,0
BRDA:60,3,1,0
BRDA:60,3,2,0
BRDA:72,4,0,0
BRDA:72,4,1,0
BRDA:75,5,0,0
BRDA:75,5,1,0
BRDA:89,6,0,0
BRDA:89,6,1,0
BRDA:95,7,0,0
BRDA:95,7,1,0
BRDA:99,8,0,0
BRDA:99,8,1,0
BRDA:106,9,0,0
BRDA:106,9,1,0
BRDA:114,10,0,0
BRDA:114,10,1,0
BRDA:114,10,2,0
BRDA:114,10,3,0
BRDA:114,10,4,0
BRDA:114,10,5,0
BRDA:198,11,0,0
BRDA:198,11,1,0
BRDA:200,12,0,0
BRDA:200,12,1,0
BRDA:202,13,0,0
BRDA:202,13,1,0
BRDA:204,14,0,0
BRDA:204,14,1,0
BRDA:206,15,0,0
BRDA:206,15,1,0
BRDA:213,16,0,0
BRDA:213,16,1,0
BRDA:213,17,0,0
BRDA:213,17,1,0
BRDA:219,18,0,0
BRDA:219,18,1,0
BRF:43
BRH:0
end_of_record
TN:
SF:src/backtester.ts
FN:37,(anonymous_0)
FN:44,(anonymous_1)
FN:96,(anonymous_2)
FN:97,(anonymous_3)
FN:98,(anonymous_4)
FN:107,(anonymous_5)
FN:157,(anonymous_6)
FN:158,(anonymous_7)
FN:159,(anonymous_8)
FN:167,(anonymous_9)
FNF:10
FNH:0
FNDA:0,(anonymous_0)
FNDA:0,(anonymous_1)
FNDA:0,(anonymous_2)
FNDA:0,(anonymous_3)
FNDA:0,(anonymous_4)
FNDA:0,(anonymous_5)
FNDA:0,(anonymous_6)
FNDA:0,(anonymous_7)
FNDA:0,(anonymous_8)
FNDA:0,(anonymous_9)
DA:2,0
DA:30,0
DA:35,0
DA:38,0
DA:39,0
DA:40,0
DA:41,0
DA:45,0
DA:46,0
DA:47,0
DA:48,0
DA:50,0
DA:51,0
DA:52,0
DA:54,0
DA:55,0
DA:56,0
DA:59,0
DA:60,0
DA:61,0
DA:64,0
DA:65,0
DA:66,0
DA:70,0
DA:72,0
DA:73,0
DA:74,0
DA:75,0
DA:81,0
DA:82,0
DA:83,0
DA:84,0
DA:89,0
DA:90,0
DA:91,0
DA:92,0
DA:93,0
DA:96,0
DA:97,0
DA:98,0
DA:99,0
DA:100,0
DA:103,0
DA:104,0
DA:108,0
DA:109,0
DA:110,0
DA:112,0
DA:113,0
DA:114,0
DA:116,0
DA:117,0
DA:118,0
DA:121,0
DA:122,0
DA:123,0
DA:126,0
DA:127,0
DA:128,0
DA:132,0
DA:133,0
DA:134,0
DA:135,0
DA:136,0
DA:142,0
DA:143,0
DA:144,0
DA:145,0
DA:150,0
DA:151,0
DA:152,0
DA:153,0
DA:154,0
DA:157,0
DA:158,0
DA:159,0
DA:160,0
DA:161,0
DA:163,0
DA:164,0
DA:168,0
DA:170,0
DA:182,0
LF:83
LH:0
BRDA:44,0,0,0
BRDA:44,1,0,0
BRDA:64,2,0,0
BRDA:64,2,1,0
BRDA:70,3,0,0
BRDA:70,3,1,0
BRDA:98,4,0,0
BRDA:98,4,1,0
BRDA:99,5,0,0
BRDA:99,5,1,0
BRDA:107,6,0,0
BRDA:113,7,0,0
BRDA:113,7,1,0
BRDA:126,8,0,0
BRDA:126,8,1,0
BRDA:132,9,0,0
BRDA:132,9,1,0
BRDA:159,10,0,0
BRDA:159,10,1,0
BRDA:160,11,0,0
BRDA:160,11,1,0
BRDA:168,12,0,0
BRDA:168,12,1,0
BRF:23
BRH:0
end_of_record
TN:
SF:src/bot.ts
FN:17,createDataProvider
FN:41,createStrategyConfigs
FN:115,main
FN:163,(anonymous_4)
FN:172,(anonymous_5)
FN:179,(anonymous_6)
FN:185,(anonymous_7)
FN:192,(anonymous_8)
FN:210,(anonymous_9)
FN:217,(anonymous_10)
FNF:10
FNH:0
FNDA:0,createDataProvider
FNDA:0,createStrategyConfigs
FNDA:0,main
FNDA:0,(anonymous_4)
FNDA:0,(anonymous_5)
FNDA:0,(anonymous_6)
FNDA:0,(anonymous_7)
FNDA:0,(anonymous_8)
FNDA:0,(anonymous_9)
FNDA:0,(anonymous_10)
DA:1,0
DA:2,0
DA:3,0
DA:4,0
DA:5,0
DA:6,0
DA:7,0
DA:10,0
DA:12,0
DA:18,0
DA:19,0
DA:21,0
DA:23,0
DA:24,0
DA:26,0
DA:27,0
DA:30,0
DA:31,0
DA:34,0
DA:42,0
DA:44,0
DA:47,0
DA:56,0
DA:60,0
DA:69,0
DA:72,0
DA:84,0
DA:88,0
DA:97,0
DA:100,0
DA:101,0
DA:112,0
DA:116,0
DA:118,0
DA:119,0
DA:120,0
DA:121,0
DA:122,0
DA:123,0
DA:125,0
DA:126,0
DA:127,0
DA:128,0
DA:129,0
DA:132,0
DA:133,0
DA:135,0
DA:136,0
DA:139,0
DA:140,0
DA:143,0
DA:146,0
DA:160,0
DA:163,0
DA:164,0
DA:165,0
DA:166,0
DA:167,0
DA:168,0
DA:172,0
DA:173,0
DA:174,0
DA:175,0
DA:176,0
DA:179,0
DA:180,0
DA:181,0
DA:182,0
DA:185,0
DA:186,0
DA:187,0
DA:188,0
DA:189,0
DA:192,0
DA:193,0
DA:194,0
DA:195,0
DA:196,0
DA:197,0
DA:198,0
DA:200,0
DA:201,0
DA:202,0
DA:207,0
DA:210,0
DA:211,0
DA:212,0
DA:213,0
DA:217,0
DA:218,0
DA:219,0
DA:220,0
DA:221,0
DA:222,0
DA:225,0
DA:226,0
DA:229,0
DA:230,0
DA:233,0
DA:234,0
DA:239,0
LF:101
LH:0
BRDA:18,0,0,0
BRDA:18,0,1,0
BRDA:21,1,0,0
BRDA:21,1,1,0
BRDA:21,1,2,0
BRDA:23,2,0,0
BRDA:23,2,1,0
BRDA:44,3,0,0
BRDA:44,3,1,0
BRDA:44,3,2,0
BRDA:44,3,3,0
BRDA:44,3,4,0
BRDA:44,3,5,0
BRDA:44,3,6,0
BRDA:44,3,7,0
BRDA:51,4,0,0
BRDA:51,4,1,0
BRDA:52,5,0,0
BRDA:52,5,1,0
BRDA:64,6,0,0
BRDA:64,6,1,0
BRDA:65,7,0,0
BRDA:65,7,1,0
BRDA:76,8,0,0
BRDA:76,8,1,0
BRDA:77,9,0,0
BRDA:77,9,1,0
BRDA:78,10,0,0
BRDA:78,10,1,0
BRDA:79,11,0,0
BRDA:79,11,1,0
BRDA:80,12,0,0
BRDA:80,12,1,0
BRDA:92,13,0,0
BRDA:92,13,1,0
BRDA:93,14,0,0
BRDA:93,14,1,0
BRDA:118,15,0,0
BRDA:118,15,1,0
BRDA:119,16,0,0
BRDA:119,16,1,0
BRDA:120,17,0,0
BRDA:120,17,1,0
BRDA:121,18,0,0
BRDA:121,18,1,0
BRDA:122,19,0,0
BRDA:122,19,1,0
BRDA:123,20,0,0
BRDA:123,20,1,0
BRDA:135,21,0,0
BRDA:135,21,1,0
BRDA:154,22,0,0
BRDA:154,22,1,0
BRDA:166,23,0,0
BRDA:166,23,1,0
BRDA:167,24,0,0
BRDA:167,24,1,0
BRDA:175,25,0,0
BRDA:175,25,1,0
BRDA:196,26,0,0
BRDA:196,26,1,0
BRDA:200,27,0,0
BRDA:200,27,1,0
BRDA:201,28,0,0
BRDA:201,28,1,0
BRF:65
BRH:0
end_of_record
TN:
SF:src/config.ts
FNF:0
FNH:0
DA:1,0
LF:1
LH:0
BRF:0
BRH:0
end_of_record
TN:
SF:src/portfolio.ts
FN:20,(anonymous_0)
FN:25,(anonymous_1)
FN:30,(anonymous_2)
FN:46,(anonymous_3)
FN:60,(anonymous_4)
FN:61,(anonymous_5)
FNF:6
FNH:0
FNDA:0,(anonymous_0)
FNDA:0,(anonymous_1)
FNDA:0,(anonymous_2)
FNDA:0,(anonymous_3)
FNDA:0,(anonymous_4)
FNDA:0,(anonymous_5)
DA:1,0
DA:15,0
DA:21,0
DA:22,0
DA:24,0
DA:25,0
DA:26,0
DA:31,0
DA:32,0
DA:33,0
DA:34,0
DA:35,0
DA:36,0
DA:37,0
DA:38,0
DA:40,0
DA:41,0
DA:47,0
DA:48,0
DA:49,0
DA:50,0
DA:51,0
DA:52,0
DA:54,0
DA:55,0
DA:61,0
DA:62,0
DA:63,0
DA:65,0
LF:29
LH:0
BRDA:20,0,0,0
BRDA:20,1,0,0
BRDA:20,2,0,0
BRDA:30,3,0,0
BRDA:31,4,0,0
BRDA:31,4,1,0
BRDA:33,5,0,0
BRDA:33,5,1,0
BRDA:40,6,0,0
BRDA:40,6,1,0
BRDA:46,7,0,0
BRDA:47,8,0,0
BRDA:47,8,1,0
BRDA:49,9,0,0
BRDA:49,9,1,0
BRDA:54,10,0,0
BRDA:54,10,1,0
BRDA:60,11,0,0
BRDA:62,12,0,0
BRDA:62,12,1,0
BRF:20
BRH:0
end_of_record
TN:
SF:src/bot/TradingBot.ts
FN:48,(anonymous_0)
FN:68,(anonymous_1)
FN:71,(anonymous_2)
FN:74,(anonymous_3)
FN:109,(anonymous_4)
FN:154,(anonymous_5)
FN:186,(anonymous_6)
FN:202,(anonymous_7)
FN:208,(anonymous_8)
FN:222,(anonymous_9)
FN:226,(anonymous_10)
FN:230,(anonymous_11)
FN:242,(anonymous_12)
FN:247,(anonymous_13)
FN:248,(anonymous_14)
FN:289,(anonymous_15)
FN:344,(anonymous_16)
FN:352,(anonymous_17)
FN:385,(anonymous_18)
FN:397,(anonymous_19)
FN:401,(anonymous_20)
FN:405,(anonymous_21)
FN:412,(anonymous_22)
FN:462,(anonymous_23)
FN:489,(anonymous_24)
FNF:25
FNH:0
FNDA:0,(anonymous_0)
FNDA:0,(anonymous_1)
FNDA:0,(anonymous_2)
FNDA:0,(anonymous_3)
FNDA:0,(anonymous_4)
FNDA:0,(anonymous_5)
FNDA:0,(anonymous_6)
FNDA:0,(anonymous_7)
FNDA:0,(anonymous_8)
FNDA:0,(anonymous_9)
FNDA:0,(anonymous_10)
FNDA:0,(anonymous_11)
FNDA:0,(anonymous_12)
FNDA:0,(anonymous_13)
FNDA:0,(anonymous_14)
FNDA:0,(anonymous_15)
FNDA:0,(anonymous_16)
FNDA:0,(anonymous_17)
FNDA:0,(anonymous_18)
FNDA:0,(anonymous_19)
FNDA:0,(anonymous_20)
FNDA:0,(anonymous_21)
FNDA:0,(anonymous_22)
FNDA:0,(anonymous_23)
FNDA:0,(anonymous_24)
DA:1,0
DA:3,0
DA:4,0
DA:5,0
DA:7,0
DA:8,0
DA:9,0
DA:10,0
DA:30,0
DA:37,0
DA:38,0
DA:39,0
DA:40,0
DA:41,0
DA:43,0
DA:44,0
DA:45,0
DA:46,0
DA:49,0
DA:50,0
DA:51,0
DA:52,0
DA:53,0
DA:56,0
DA:57,0
DA:64,0
DA:65,0
DA:69,0
DA:71,0
DA:72,0
DA:74,0
DA:77,0
DA:79,0
DA:80,0
DA:81,0
DA:84,0
DA:85,0
DA:86,0
DA:89,0
DA:90,0
DA:91,0
DA:94,0
DA:95,0
DA:96,0
DA:99,0
DA:100,0
DA:103,0
DA:104,0
DA:110,0
DA:112,0
DA:113,0
DA:114,0
DA:118,0
DA:121,0
DA:122,0
DA:132,0
DA:133,0
DA:134,0
DA:135,0
DA:137,0
DA:138,0
DA:139,0
DA:140,0
DA:143,0
DA:146,0
DA:149,0
DA:150,0
DA:155,0
DA:156,0
DA:159,0
DA:160,0
DA:161,0
DA:162,0
DA:165,0
DA:166,0
DA:168,0
DA:177,0
DA:178,0
DA:181,0
DA:182,0
DA:187,0
DA:189,0
DA:190,0
DA:191,0
DA:192,0
DA:193,0
DA:194,0
DA:196,0
DA:197,0
DA:203,0
DA:205,0
DA:206,0
DA:208,0
DA:209,0
DA:211,0
DA:212,0
DA:214,0
DA:218,0
DA:221,0
DA:222,0
DA:223,0
DA:224,0
DA:225,0
DA:226,0
DA:230,0
DA:231,0
DA:232,0
DA:236,0
DA:237,0
DA:240,0
DA:241,0
DA:242,0
DA:248,0
DA:249,0
DA:251,0
DA:253,0
DA:254,0
DA:257,0
DA:259,0
DA:262,0
DA:263,0
DA:264,0
DA:265,0
DA:268,0
DA:269,0
DA:270,0
DA:271,0
DA:273,0
DA:274,0
DA:275,0
DA:277,0
DA:284,0
DA:285,0
DA:290,0
DA:292,0
DA:293,0
DA:296,0
DA:297,0
DA:299,0
DA:300,0
DA:301,0
DA:302,0
DA:306,0
DA:318,0
DA:319,0
DA:321,0
DA:322,0
DA:325,0
DA:326,0
DA:327,0
DA:330,0
DA:332,0
DA:333,0
DA:334,0
DA:335,0
DA:336,0
DA:340,0
DA:345,0
DA:346,0
DA:347,0
DA:349,0
DA:353,0
DA:354,0
DA:357,0
DA:358,0
DA:359,0
DA:368,0
DA:371,0
DA:374,0
DA:375,0
DA:381,0
DA:386,0
DA:398,0
DA:402,0
DA:406,0
DA:413,0
DA:414,0
DA:415,0
DA:418,0
DA:419,0
DA:420,0
DA:421,0
DA:425,0
DA:426,0
DA:427,0
DA:434,0
DA:435,0
DA:436,0
DA:443,0
DA:444,0
DA:445,0
DA:446,0
DA:448,0
DA:449,0
DA:456,0
DA:463,0
DA:464,0
DA:465,0
DA:466,0
DA:468,0
DA:470,0
DA:471,0
DA:474,0
DA:475,0
DA:479,0
DA:480,0
DA:483,0
DA:490,0
LF:208
LH:0
BRDA:72,0,0,0
BRDA:72,0,1,0
BRDA:77,1,0,0
BRDA:77,1,1,0
BRDA:77,1,2,0
BRDA:77,1,3,0
BRDA:77,1,4,0
BRDA:113,2,0,0
BRDA:113,2,1,0
BRDA:159,3,0,0
BRDA:159,3,1,0
BRDA:165,4,0,0
BRDA:165,4,1,0
BRDA:193,5,0,0
BRDA:193,5,1,0
BRDA:194,6,0,0
BRDA:194,6,1,0
BRDA:209,7,0,0
BRDA:209,7,1,0
BRDA:221,8,0,0
BRDA:221,8,1,0
BRDA:224,9,0,0
BRDA:224,9,1,0
BRDA:240,10,0,0
BRDA:240,10,1,0
BRDA:249,11,0,0
BRDA:249,11,1,0
BRDA:257,12,0,0
BRDA:257,12,1,0
BRDA:263,13,0,0
BRDA:263,13,1,0
BRDA:269,14,0,0
BRDA:269,14,1,0
BRDA:269,15,0,0
BRDA:269,15,1,0
BRDA:271,16,0,0
BRDA:271,16,1,0
BRDA:274,17,0,0
BRDA:274,17,1,0
BRDA:284,18,0,0
BRDA:284,18,1,0
BRDA:292,19,0,0
BRDA:292,19,1,0
BRDA:299,20,0,0
BRDA:299,20,1,0
BRDA:301,21,0,0
BRDA:301,21,1,0
BRDA:315,22,0,0
BRDA:315,22,1,0
BRDA:321,23,0,0
BRDA:321,23,1,0
BRDA:321,24,0,0
BRDA:321,24,1,0
BRDA:325,25,0,0
BRDA:325,25,1,0
BRDA:332,26,0,0
BRDA:332,26,1,0
BRDA:334,27,0,0
BRDA:334,27,1,0
BRDA:335,28,0,0
BRDA:335,28,1,0
BRDA:346,29,0,0
BRDA:346,29,1,0
BRDA:358,30,0,0
BRDA:358,30,1,0
BRDA:374,31,0,0
BRDA:374,31,1,0
BRDA:419,32,0,0
BRDA:419,32,1,0
BRDA:426,33,0,0
BRDA:426,33,1,0
BRDA:435,34,0,0
BRDA:435,34,1,0
BRDA:443,35,0,0
BRDA:443,35,1,0
BRDA:448,36,0,0
BRDA:448,36,1,0
BRDA:468,37,0,0
BRDA:468,37,1,0
BRDA:474,38,0,0
BRDA:474,38,1,0
BRDA:479,39,0,0
BRDA:479,39,1,0
BRF:83
BRH:0
end_of_record
TN:
SF:src/bot/UserManager.ts
FN:26,(anonymous_0)
FN:44,(anonymous_1)
FN:55,(anonymous_2)
FN:56,(anonymous_3)
FN:58,(anonymous_4)
FN:79,(anonymous_5)
FN:119,(anonymous_6)
FN:128,(anonymous_7)
FN:137,(anonymous_8)
FN:146,(anonymous_9)
FN:172,(anonymous_10)
FNF:11
FNH:0
FNDA:0,(anonymous_0)
FNDA:0,(anonymous_1)
FNDA:0,(anonymous_2)
FNDA:0,(anonymous_3)
FNDA:0,(anonymous_4)
FNDA:0,(anonymous_5)
FNDA:0,(anonymous_6)
FNDA:0,(anonymous_7)
FNDA:0,(anonymous_8)
FNDA:0,(anonymous_9)
FNDA:0,(anonymous_10)
DA:1,0
DA:2,0
DA:25,0
DA:27,0
DA:28,0
DA:30,0
DA:31,0
DA:38,0
DA:40,0
DA:45,0
DA:46,0
DA:47,0
DA:48,0
DA:51,0
DA:52,0
DA:54,0
DA:55,0
DA:56,0
DA:57,0
DA:58,0
DA:60,0
DA:61,0
DA:63,0
DA:74,0
DA:75,0
DA:80,0
DA:81,0
DA:82,0
DA:83,0
DA:86,0
DA:87,0
DA:89,0
DA:90,0
DA:101,0
DA:102,0
DA:104,0
DA:114,0
DA:115,0
DA:120,0
DA:121,0
DA:123,0
DA:124,0
DA:129,0
DA:130,0
DA:132,0
DA:133,0
DA:138,0
DA:139,0
DA:141,0
DA:142,0
DA:147,0
DA:149,0
DA:150,0
DA:151,0
DA:157,0
DA:159,0
DA:165,0
DA:167,0
DA:168,0
DA:173,0
DA:176,0
DA:178,0
DA:179,0
LF:63
LH:0
BRDA:30,0,0,0
BRDA:30,0,1,0
BRDA:47,1,0,0
BRDA:47,1,1,0
BRDA:55,2,0,0
BRDA:55,2,1,0
BRDA:56,3,0,0
BRDA:56,3,1,0
BRDA:57,4,0,0
BRDA:57,4,1,0
BRDA:60,5,0,0
BRDA:60,5,1,0
BRDA:61,6,0,0
BRDA:61,6,1,0
BRDA:82,7,0,0
BRDA:82,7,1,0
BRDA:87,8,0,0
BRDA:87,8,1,0
BRDA:89,9,0,0
BRDA:89,9,1,0
BRDA:119,10,0,0
BRDA:128,11,0,0
BRDA:137,12,0,0
BRDA:150,13,0,0
BRDA:150,13,1,0
BRF:25
BRH:0
end_of_record
TN:
SF:src/cache/CacheManager.ts
FN:7,(anonymous_0)
FN:14,(anonymous_1)
FN:75,(anonymous_2)
FN:80,(anonymous_3)
FN:94,(anonymous_4)
FN:180,(anonymous_5)
FN:235,(anonymous_6)
FN:284,(anonymous_7)
FN:308,(anonymous_8)
FNF:9
FNH:0
FNDA:0,(anonymous_0)
FNDA:0,(anonymous_1)
FNDA:0,(anonymous_2)
FNDA:0,(anonymous_3)
FNDA:0,(anonymous_4)
FNDA:0,(anonymous_5)
FNDA:0,(anonymous_6)
FNDA:0,(anonymous_7)
FNDA:0,(anonymous_8)
DA:1,0
DA:2,0
DA:4,0
DA:8,0
DA:15,0
DA:16,0
DA:18,0
DA:20,0
DA:21,0
DA:22,0
DA:23,0
DA:26,0
DA:41,0
DA:56,0
DA:64,0
DA:75,0
DA:80,0
DA:86,0
DA:87,0
DA:105,0
DA:107,0
DA:108,0
DA:110,0
DA:111,0
DA:112,0
DA:115,0
DA:120,0
DA:121,0
DA:122,0
DA:124,0
DA:129,0
DA:130,0
DA:134,0
DA:135,0
DA:137,0
DA:138,0
DA:144,0
DA:145,0
DA:146,0
DA:148,0
DA:153,0
DA:154,0
DA:158,0
DA:164,0
DA:165,0
DA:167,0
DA:170,0
DA:172,0
DA:173,0
DA:181,0
DA:182,0
DA:183,0
DA:185,0
DA:186,0
DA:190,0
DA:192,0
DA:193,0
DA:194,0
DA:197,0
DA:199,0
DA:202,0
DA:204,0
DA:205,0
DA:206,0
DA:209,0
DA:221,0
DA:222,0
DA:224,0
DA:225,0
DA:227,0
DA:228,0
DA:236,0
DA:237,0
DA:239,0
DA:240,0
DA:241,0
DA:243,0
DA:244,0
DA:245,0
DA:246,0
DA:248,0
DA:258,0
DA:270,0
DA:274,0
DA:276,0
DA:277,0
DA:285,0
DA:287,0
DA:288,0
DA:289,0
DA:291,0
DA:292,0
DA:298,0
DA:300,0
DA:301,0
DA:309,0
DA:311,0
DA:312,0
DA:317,0
DA:319,0
DA:320,0
LF:101
LH:0
BRDA:67,0,0,0
BRDA:67,0,1,0
BRDA:68,1,0,0
BRDA:68,1,1,0
BRDA:71,2,0,0
BRDA:71,2,1,0
BRDA:72,3,0,0
BRDA:72,3,1,0
BRDA:94,4,0,0
BRDA:101,5,0,0
BRDA:102,6,0,0
BRDA:103,7,0,0
BRDA:104,8,0,0
BRDA:120,9,0,0
BRDA:120,9,1,0
BRDA:130,10,0,0
BRDA:130,10,1,0
BRDA:135,11,0,0
BRDA:135,11,1,0
BRDA:137,12,0,0
BRDA:137,12,1,0
BRDA:144,13,0,0
BRDA:144,13,1,0
BRDA:154,14,0,0
BRDA:154,14,1,0
BRDA:164,15,0,0
BRDA:164,15,1,0
BRDA:192,16,0,0
BRDA:192,16,1,0
BRDA:205,17,0,0
BRDA:205,17,1,0
BRDA:235,18,0,0
BRDA:248,19,0,0
BRDA:248,19,1,0
BRF:34
BRH:0
end_of_record
TN:
SF:src/cache/CachedDataProvider.ts
FN:37,(anonymous_0)
FN:49,(anonymous_1)
FN:54,(anonymous_2)
FN:80,(anonymous_3)
FN:84,(anonymous_4)
FN:93,(anonymous_5)
FN:94,(anonymous_6)
FN:123,(anonymous_7)
FN:135,(anonymous_8)
FN:136,(anonymous_9)
FN:147,(anonymous_10)
FN:156,(anonymous_11)
FN:157,(anonymous_12)
FN:166,(anonymous_13)
FN:174,(anonymous_14)
FN:175,(anonymous_15)
FN:185,(anonymous_16)
FN:211,(anonymous_17)
FN:232,(anonymous_18)
FN:233,(anonymous_19)
FN:244,(anonymous_20)
FNF:21
FNH:0
FNDA:0,(anonymous_0)
FNDA:0,(anonymous_1)
FNDA:0,(anonymous_2)
FNDA:0,(anonymous_3)
FNDA:0,(anonymous_4)
FNDA:0,(anonymous_5)
FNDA:0,(anonymous_6)
FNDA:0,(anonymous_7)
FNDA:0,(anonymous_8)
FNDA:0,(anonymous_9)
FNDA:0,(anonymous_10)
FNDA:0,(anonymous_11)
FNDA:0,(anonymous_12)
FNDA:0,(anonymous_13)
FNDA:0,(anonymous_14)
FNDA:0,(anonymous_15)
FNDA:0,(anonymous_16)
FNDA:0,(anonymous_17)
FNDA:0,(anonymous_18)
FNDA:0,(anonymous_19)
FNDA:0,(anonymous_20)
DA:1,1
DA:2,1
DA:3,1
DA:32,1
DA:38,0
DA:39,0
DA:40,0
DA:41,0
DA:51,0
DA:55,0
DA:56,0
DA:60,0
DA:61,0
DA:62,0
DA:63,0
DA:64,0
DA:67,0
DA:70,0
DA:72,0
DA:74,0
DA:77,0
DA:81,0
DA:85,0
DA:87,0
DA:93,0
DA:94,0
DA:95,0
DA:96,0
DA:97,0
DA:98,0
DA:101,0
DA:102,0
DA:103,0
DA:107,0
DA:108,0
DA:109,0
DA:111,0
DA:112,0
DA:113,0
DA:114,0
DA:115,0
DA:118,0
DA:124,0
DA:126,0
DA:127,0
DA:129,0
DA:135,0
DA:136,0
DA:137,0
DA:138,0
DA:140,0
DA:142,0
DA:148,0
DA:150,0
DA:156,0
DA:157,0
DA:158,0
DA:159,0
DA:161,0
DA:167,0
DA:169,0
DA:174,0
DA:175,0
DA:176,0
DA:177,0
DA:179,0
DA:186,0
DA:187,0
DA:188,0
DA:190,0
DA:191,0
DA:192,0
DA:193,0
DA:199,0
DA:206,0
DA:207,0
DA:212,0
DA:214,0
DA:215,0
DA:216,0
DA:218,0
DA:219,0
DA:220,0
DA:223,0
DA:224,0
DA:225,0
DA:228,0
DA:229,0
DA:232,0
DA:233,0
DA:234,0
DA:235,0
DA:237,0
DA:239,0
DA:245,0
DA:246,0
DA:248,0
DA:253,0
DA:254,0
DA:255,0
DA:257,0
LF:101
LH:4
BRDA:37,0,0,0
BRDA:54,1,0,0
BRDA:55,2,0,0
BRDA:55,2,1,0
BRDA:61,3,0,0
BRDA:61,3,1,0
BRDA:72,4,0,0
BRDA:72,4,1,0
BRDA:72,5,0,0
BRDA:72,5,1,0
BRDA:95,6,0,0
BRDA:95,6,1,0
BRDA:101,7,0,0
BRDA:101,7,1,0
BRDA:111,8,0,0
BRDA:111,8,1,0
BRDA:137,9,0,0
BRDA:137,9,1,0
BRDA:158,10,0,0
BRDA:158,10,1,0
BRDA:176,11,0,0
BRDA:176,11,1,0
BRDA:201,12,0,0
BRDA:201,12,1,0
BRDA:202,13,0,0
BRDA:202,13,1,0
BRDA:218,14,0,0
BRDA:218,14,1,0
BRDA:223,15,0,0
BRDA:223,15,1,0
BRDA:228,16,0,0
BRDA:228,16,1,0
BRDA:234,17,0,0
BRDA:234,17,1,0
BRDA:244,18,0,0
BRF:35
BRH:0
end_of_record
TN:
SF:src/cache/SmartCacheManager.ts
FN:21,(anonymous_0)
FN:33,(anonymous_1)
FN:74,(anonymous_2)
FN:87,(anonymous_3)
FN:97,(anonymous_4)
FN:98,(anonymous_5)
FN:103,(anonymous_6)
FN:113,(anonymous_7)
FN:119,(anonymous_8)
FN:154,(anonymous_9)
FN:168,(anonymous_10)
FN:180,(anonymous_11)
FN:182,(anonymous_12)
FN:196,(anonymous_13)
FN:220,(anonymous_14)
FN:234,(anonymous_15)
FN:250,(anonymous_16)
FN:253,(anonymous_17)
FNF:18
FNH:0
FNDA:0,(anonymous_0)
FNDA:0,(anonymous_1)
FNDA:0,(anonymous_2)
FNDA:0,(anonymous_3)
FNDA:0,(anonymous_4)
FNDA:0,(anonymous_5)
FNDA:0,(anonymous_6)
FNDA:0,(anonymous_7)
FNDA:0,(anonymous_8)
FNDA:0,(anonymous_9)
FNDA:0,(anonymous_10)
FNDA:0,(anonymous_11)
FNDA:0,(anonymous_12)
FNDA:0,(anonymous_13)
FNDA:0,(anonymous_14)
FNDA:0,(anonymous_15)
FNDA:0,(anonymous_16)
FNDA:0,(anonymous_17)
DA:1,1
DA:4,1
DA:17,1
DA:22,0
DA:23,0
DA:34,0
DA:37,0
DA:39,0
DA:41,0
DA:42,0
DA:46,0
DA:48,0
DA:50,0
DA:51,0
DA:54,0
DA:57,0
DA:59,0
DA:60,0
DA:61,0
DA:63,0
DA:65,0
DA:66,0
DA:71,0
DA:74,0
DA:75,0
DA:76,0
DA:77,0
DA:81,0
DA:83,0
DA:84,0
DA:88,0
DA:90,0
DA:97,0
DA:98,0
DA:99,0
DA:100,0
DA:101,0
DA:103,0
DA:107,0
DA:114,0
DA:115,0
DA:116,0
DA:119,0
DA:120,0
DA:123,0
DA:125,0
DA:126,0
DA:127,0
DA:130,0
DA:131,0
DA:139,0
DA:143,0
DA:144,0
DA:151,0
DA:155,0
DA:156,0
DA:157,0
DA:159,0
DA:160,0
DA:161,0
DA:164,0
DA:165,0
DA:166,0
DA:168,0
DA:169,0
DA:170,0
DA:172,0
DA:177,0
DA:181,0
DA:182,0
DA:183,0
DA:184,0
DA:185,0
DA:187,0
DA:188,0
DA:197,0
DA:199,0
DA:200,0
DA:201,0
DA:203,0
DA:204,0
DA:206,0
DA:207,0
DA:209,0
DA:211,0
DA:212,0
DA:220,0
DA:222,0
DA:225,0
DA:228,0
DA:235,0
DA:237,0
DA:238,0
DA:239,0
DA:247,0
DA:251,0
DA:253,0
DA:254,0
DA:257,0
DA:258,0
DA:259,0
DA:261,0
LF:102
LH:3
BRDA:39,0,0,0
BRDA:39,0,1,0
BRDA:48,1,0,0
BRDA:48,1,1,0
BRDA:63,2,0,0
BRDA:63,2,1,0
BRDA:63,3,0,0
BRDA:63,3,1,0
BRDA:99,4,0,0
BRDA:99,4,1,0
BRDA:130,5,0,0
BRDA:130,5,1,0
BRDA:143,6,0,0
BRDA:143,6,1,0
BRDA:164,7,0,0
BRDA:164,7,1,0
BRDA:164,8,0,0
BRDA:164,8,1,0
BRDA:166,9,0,0
BRDA:166,9,1,0
BRDA:170,10,0,0
BRDA:170,10,1,0
BRDA:184,11,0,0
BRDA:184,11,1,0
BRDA:196,12,0,0
BRDA:237,13,0,0
BRDA:237,13,1,0
BRDA:251,14,0,0
BRDA:251,14,1,0
BRF:29
BRH:0
end_of_record
TN:
SF:src/cache/cacheCLI.ts
FN:12,(anonymous_1)
FN:23,(anonymous_2)
FN:28,(anonymous_3)
FN:38,(anonymous_4)
FN:54,(anonymous_5)
FN:60,(anonymous_6)
FN:69,(anonymous_7)
FN:86,(anonymous_8)
FN:96,(anonymous_9)
FN:110,(anonymous_10)
FN:114,(anonymous_11)
FN:134,(anonymous_12)
FNF:12
FNH:0
FNDA:0,(anonymous_1)
FNDA:0,(anonymous_2)
FNDA:0,(anonymous_3)
FNDA:0,(anonymous_4)
FNDA:0,(anonymous_5)
FNDA:0,(anonymous_6)
FNDA:0,(anonymous_7)
FNDA:0,(anonymous_8)
FNDA:0,(anonymous_9)
FNDA:0,(anonymous_10)
FNDA:0,(anonymous_11)
FNDA:0,(anonymous_12)
DA:2,0
DA:3,0
DA:4,0
DA:5,0
DA:6,0
DA:9,0
DA:11,0
DA:13,0
DA:14,0
DA:15,0
DA:16,0
DA:17,0
DA:18,0
DA:19,0
DA:20,0
DA:22,0
DA:23,0
DA:24,0
DA:27,0
DA:28,0
DA:29,0
DA:39,0
DA:46,0
DA:47,0
DA:48,0
DA:49,0
DA:55,0
DA:61,0
DA:70,0
DA:71,0
DA:73,0
DA:74,0
DA:77,0
DA:78,0
DA:79,0
DA:80,0
DA:81,0
DA:87,0
DA:88,0
DA:90,0
DA:91,0
DA:92,0
DA:94,0
DA:95,0
DA:96,0
DA:97,0
DA:100,0
DA:101,0
DA:104,0
DA:111,0
DA:112,0
DA:113,0
DA:114,0
DA:115,0
DA:117,0
DA:118,0
DA:119,0
DA:120,0
DA:121,0
DA:123,0
DA:125,0
DA:126,0
DA:134,0
DA:135,0
DA:136,0
LF:65
LH:0
BRDA:14,0,0,0
BRDA:14,0,1,0
BRDA:49,1,0,0
BRDA:49,1,1,0
BRDA:80,2,0,0
BRDA:80,2,1,0
BRDA:94,3,0,0
BRDA:94,3,1,0
BRDA:100,4,0,0
BRDA:100,4,1,0
BRDA:111,5,0,0
BRDA:111,5,1,0
BRDA:117,6,0,0
BRDA:117,6,1,0
BRDA:119,7,0,0
BRDA:119,7,1,0
BRDA:119,8,0,0
BRDA:119,8,1,0
BRF:18
BRH:0
end_of_record
TN:
SF:src/cache/example.ts
FN:11,demonstrateCaching
FNF:1
FNH:0
FNDA:0,demonstrateCaching
DA:7,0
DA:8,0
DA:9,0
DA:12,0
DA:14,0
DA:15,0
DA:16,0
DA:18,0
DA:19,0
DA:20,0
DA:22,0
DA:25,0
DA:26,0
DA:27,0
DA:28,0
DA:29,0
DA:32,0
DA:33,0
DA:34,0
DA:35,0
DA:36,0
DA:37,0
DA:40,0
DA:41,0
DA:42,0
DA:43,0
DA:44,0
DA:45,0
DA:46,0
DA:49,0
DA:50,0
DA:51,0
DA:52,0
DA:53,0
DA:54,0
DA:58,0
DA:59,0
DA:60,0
DA:61,0
DA:62,0
DA:63,0
DA:66,0
DA:70,0
LF:43
LH:0
BRDA:51,0,0,0
BRDA:51,0,1,0
BRDA:62,1,0,0
BRDA:62,1,1,0
BRF:4
BRH:0
end_of_record
TN:
SF:src/cache/initCache.ts
FN:10,(anonymous_1)
FN:11,(anonymous_2)
FN:21,(anonymous_3)
FN:25,(anonymous_4)
FN:34,(anonymous_5)
FN:38,(anonymous_6)
FN:39,(anonymous_7)
FNF:7
FNH:1
FNDA:1,(anonymous_1)
FNDA:0,(anonymous_2)
FNDA:0,(anonymous_3)
FNDA:0,(anonymous_4)
FNDA:0,(anonymous_5)
FNDA:0,(anonymous_6)
FNDA:0,(anonymous_7)
DA:1,1
DA:2,1
DA:3,1
DA:5,1
DA:7,1
DA:11,1
DA:12,0
DA:13,0
DA:15,0
DA:16,0
DA:22,0
DA:23,0
DA:25,0
DA:26,0
DA:27,0
DA:29,0
DA:35,0
DA:39,0
DA:40,0
DA:41,0
DA:43,0
DA:50,1
LF:22
LH:7
BRDA:12,0,0,0
BRDA:12,0,1,0
BRDA:26,1,0,0
BRDA:26,1,1,0
BRDA:40,2,0,0
BRDA:40,2,1,0
BRF:6
BRH:0
end_of_record
TN:
SF:src/cli/botCLI.ts
FN:31,(anonymous_1)
FN:35,(anonymous_2)
FN:77,(anonymous_3)
FN:81,(anonymous_4)
FN:85,(anonymous_5)
FN:92,(anonymous_6)
FN:114,(anonymous_7)
FN:170,(anonymous_8)
FN:188,(anonymous_9)
FN:210,(anonymous_10)
FN:224,(anonymous_11)
FN:251,(anonymous_12)
FNF:12
FNH:0
FNDA:0,(anonymous_1)
FNDA:0,(anonymous_2)
FNDA:0,(anonymous_3)
FNDA:0,(anonymous_4)
FNDA:0,(anonymous_5)
FNDA:0,(anonymous_6)
FNDA:0,(anonymous_7)
FNDA:0,(anonymous_8)
FNDA:0,(anonymous_9)
FNDA:0,(anonymous_10)
FNDA:0,(anonymous_11)
FNDA:0,(anonymous_12)
DA:3,0
DA:4,0
DA:5,0
DA:6,0
DA:7,0
DA:8,0
DA:9,0
DA:10,0
DA:12,0
DA:14,0
DA:16,0
DA:22,0
DA:32,0
DA:33,0
DA:34,0
DA:35,0
DA:36,0
DA:37,0
DA:38,0
DA:40,0
DA:41,0
DA:42,0
DA:43,0
DA:47,0
DA:48,0
DA:50,0
DA:51,0
DA:52,0
DA:55,0
DA:56,0
DA:58,0
DA:59,0
DA:60,0
DA:62,0
DA:63,0
DA:74,0
DA:77,0
DA:78,0
DA:81,0
DA:82,0
DA:85,0
DA:86,0
DA:89,0
DA:92,0
DA:93,0
DA:94,0
DA:95,0
DA:98,0
DA:99,0
DA:102,0
DA:103,0
DA:108,0
DA:115,0
DA:116,0
DA:119,0
DA:121,0
DA:122,0
DA:123,0
DA:126,0
DA:127,0
DA:129,0
DA:130,0
DA:131,0
DA:132,0
DA:133,0
DA:134,0
DA:135,0
DA:136,0
DA:137,0
DA:139,0
DA:143,0
DA:144,0
DA:145,0
DA:146,0
DA:147,0
DA:148,0
DA:149,0
DA:150,0
DA:151,0
DA:152,0
DA:157,0
DA:158,0
DA:159,0
DA:160,0
DA:161,0
DA:162,0
DA:163,0
DA:164,0
DA:167,0
DA:168,0
DA:169,0
DA:170,0
DA:171,0
DA:172,0
DA:177,0
DA:178,0
DA:183,0
DA:189,0
DA:190,0
DA:192,0
DA:193,0
DA:194,0
DA:197,0
DA:198,0
DA:201,0
DA:202,0
DA:207,0
DA:211,0
DA:212,0
DA:216,0
DA:225,0
DA:226,0
DA:227,0
DA:228,0
DA:231,0
DA:233,0
DA:234,0
DA:236,0
DA:237,0
DA:240,0
DA:241,0
DA:246,0
DA:252,0
DA:253,0
DA:254,0
DA:256,0
DA:257,0
DA:261,0
LF:128
LH:0
BRDA:33,0,0,0
BRDA:33,0,1,0
BRDA:36,1,0,0
BRDA:36,1,1,0
BRDA:40,2,0,0
BRDA:40,2,1,0
BRDA:50,3,0,0
BRDA:50,3,1,0
BRDA:121,4,0,0
BRDA:121,4,1,0
BRDA:130,5,0,0
BRDA:130,5,1,0
BRDA:137,6,0,0
BRDA:137,6,1,0
BRDA:144,7,0,0
BRDA:144,7,1,0
BRDA:151,8,0,0
BRDA:151,8,1,0
BRDA:158,9,0,0
BRDA:158,9,1,0
BRDA:168,10,0,0
BRDA:168,10,1,0
BRDA:171,11,0,0
BRDA:171,11,1,0
BRDA:226,12,0,0
BRDA:226,12,1,0
BRDA:226,13,0,0
BRDA:226,13,1,0
BRDA:233,14,0,0
BRDA:233,14,1,0
BRF:30
BRH:0
end_of_record
TN:
SF:src/config/tradingConfig.ts
FN:77,(anonymous_0)
FN:81,(anonymous_1)
FN:85,(anonymous_2)
FN:89,(anonymous_3)
FN:90,(anonymous_4)
FN:93,(anonymous_5)
FN:98,(anonymous_6)
FN:103,(anonymous_7)
FN:118,(anonymous_8)
FNF:9
FNH:0
FNDA:0,(anonymous_0)
FNDA:0,(anonymous_1)
FNDA:0,(anonymous_2)
FNDA:0,(anonymous_3)
FNDA:0,(anonymous_4)
FNDA:0,(anonymous_5)
FNDA:0,(anonymous_6)
FNDA:0,(anonymous_7)
FNDA:0,(anonymous_8)
DA:1,0
DA:42,0
DA:74,0
DA:78,0
DA:82,0
DA:86,0
DA:90,0
DA:94,0
DA:95,0
DA:99,0
DA:100,0
DA:104,0
DA:106,0
DA:107,0
DA:110,0
DA:111,0
DA:114,0
DA:115,0
DA:118,0
DA:119,0
DA:120,0
DA:123,0
DA:124,0
DA:127,0
DA:128,0
DA:131,0
DA:132,0
DA:135,0
LF:28
LH:0
BRDA:95,0,0,0
BRDA:95,0,1,0
BRDA:100,1,0,0
BRDA:100,1,1,0
BRDA:106,2,0,0
BRDA:106,2,1,0
BRDA:110,3,0,0
BRDA:110,3,1,0
BRDA:114,4,0,0
BRDA:114,4,1,0
BRDA:119,5,0,0
BRDA:119,5,1,0
BRDA:123,6,0,0
BRDA:123,6,1,0
BRDA:123,7,0,0
BRDA:123,7,1,0
BRDA:127,8,0,0
BRDA:127,8,1,0
BRDA:127,9,0,0
BRDA:127,9,1,0
BRDA:131,10,0,0
BRDA:131,10,1,0
BRDA:131,11,0,0
BRDA:131,11,1,0
BRF:24
BRH:0
end_of_record
TN:
SF:src/dataProviders/PolygonFlatFilesCLIProvider.ts
FN:29,(anonymous_0)
FN:36,(anonymous_1)
FN:41,(anonymous_2)
FN:80,(anonymous_3)
FN:83,(anonymous_4)
FN:84,(anonymous_5)
FN:110,(anonymous_6)
FN:114,(anonymous_7)
FN:118,(anonymous_8)
FN:122,(anonymous_9)
FN:130,(anonymous_10)
FN:140,(anonymous_11)
FN:144,(anonymous_12)
FN:150,(anonymous_13)
FN:159,(anonymous_14)
FN:161,(anonymous_15)
FN:175,(anonymous_16)
FNF:17
FNH:0
FNDA:0,(anonymous_0)
FNDA:0,(anonymous_1)
FNDA:0,(anonymous_2)
FNDA:0,(anonymous_3)
FNDA:0,(anonymous_4)
FNDA:0,(anonymous_5)
FNDA:0,(anonymous_6)
FNDA:0,(anonymous_7)
FNDA:0,(anonymous_8)
FNDA:0,(anonymous_9)
FNDA:0,(anonymous_10)
FNDA:0,(anonymous_11)
FNDA:0,(anonymous_12)
FNDA:0,(anonymous_13)
FNDA:0,(anonymous_14)
FNDA:0,(anonymous_15)
FNDA:0,(anonymous_16)
DA:1,0
DA:2,0
DA:3,0
DA:22,0
DA:26,0
DA:27,0
DA:30,0
DA:31,0
DA:32,0
DA:33,0
DA:38,0
DA:42,0
DA:43,0
DA:44,0
DA:47,0
DA:48,0
DA:49,0
DA:52,0
DA:54,0
DA:55,0
DA:58,0
DA:59,0
DA:60,0
DA:61,0
DA:63,0
DA:64,0
DA:65,0
DA:66,0
DA:67,0
DA:70,0
DA:72,0
DA:74,0
DA:80,0
DA:84,0
DA:86,0
DA:102,0
DA:104,0
DA:105,0
DA:108,0
DA:110,0
DA:111,0
DA:114,0
DA:115,0
DA:118,0
DA:119,0
DA:122,0
DA:123,0
DA:124,0
DA:126,0
DA:130,0
DA:131,0
DA:132,0
DA:133,0
DA:135,0
DA:140,0
DA:141,0
DA:144,0
DA:145,0
DA:151,0
DA:152,0
DA:159,0
DA:161,0
DA:170,0
DA:171,0
DA:178,0
DA:179,0
DA:180,0
DA:181,0
LF:68
LH:0
BRDA:33,0,0,0
BRDA:33,0,1,0
BRDA:41,1,0,0
BRDA:42,2,0,0
BRDA:42,2,1,0
BRDA:54,3,0,0
BRDA:54,3,1,0
BRDA:54,4,0,0
BRDA:54,4,1,0
BRDA:65,5,0,0
BRDA:65,5,1,0
BRDA:70,6,0,0
BRDA:70,6,1,0
BRDA:70,7,0,0
BRDA:70,7,1,0
BRDA:123,8,0,0
BRDA:123,8,1,0
BRDA:131,9,0,0
BRDA:131,9,1,0
BRDA:132,10,0,0
BRDA:132,10,1,0
BRDA:132,11,0,0
BRDA:132,11,1,0
BRF:23
BRH:0
end_of_record
TN:
SF:src/dataProviders/PolygonFlatFilesProvider.ts
FN:26,(anonymous_0)
FN:39,(anonymous_1)
FN:44,(anonymous_2)
FN:71,(anonymous_3)
FN:96,(anonymous_4)
FN:123,(anonymous_5)
FN:134,(anonymous_6)
FN:165,(anonymous_7)
FN:170,(anonymous_8)
FN:175,(anonymous_9)
FN:176,(anonymous_10)
FN:186,(anonymous_11)
FN:195,(anonymous_12)
FN:202,(anonymous_13)
FNF:14
FNH:0
FNDA:0,(anonymous_0)
FNDA:0,(anonymous_1)
FNDA:0,(anonymous_2)
FNDA:0,(anonymous_3)
FNDA:0,(anonymous_4)
FNDA:0,(anonymous_5)
FNDA:0,(anonymous_6)
FNDA:0,(anonymous_7)
FNDA:0,(anonymous_8)
FNDA:0,(anonymous_9)
FNDA:0,(anonymous_10)
FNDA:0,(anonymous_11)
FNDA:0,(anonymous_12)
FNDA:0,(anonymous_13)
DA:1,0
DA:2,0
DA:21,0
DA:23,0
DA:24,0
DA:27,0
DA:28,0
DA:41,0
DA:45,0
DA:47,0
DA:49,0
DA:51,0
DA:52,0
DA:53,0
DA:54,0
DA:56,0
DA:62,0
DA:64,0
DA:66,0
DA:67,0
DA:72,0
DA:73,0
DA:74,0
DA:77,0
DA:78,0
DA:80,0
DA:81,0
DA:82,0
DA:86,0
DA:87,0
DA:90,0
DA:93,0
DA:97,0
DA:98,0
DA:103,0
DA:105,0
DA:106,0
DA:110,0
DA:113,0
DA:115,0
DA:117,0
DA:119,0
DA:124,0
DA:125,0
DA:127,0
DA:129,0
DA:130,0
DA:131,0
DA:133,0
DA:134,0
DA:135,0
DA:137,0
DA:139,0
DA:140,0
DA:143,0
DA:144,0
DA:149,0
DA:150,0
DA:153,0
DA:154,0
DA:155,0
DA:159,0
DA:162,0
DA:166,0
DA:167,0
DA:169,0
DA:171,0
DA:172,0
DA:173,0
DA:175,0
DA:176,0
DA:187,0
DA:188,0
DA:194,0
DA:195,0
DA:197,0
DA:198,0
DA:204,0
LF:78
LH:0
BRDA:29,0,0,0
BRDA:29,0,1,0
BRDA:44,1,0,0
BRDA:105,2,0,0
BRDA:105,2,1,0
BRDA:115,3,0,0
BRDA:115,3,1,0
BRDA:131,4,0,0
BRDA:131,4,1,0
BRDA:137,5,0,0
BRDA:137,5,1,0
BRDA:137,5,2,0
BRDA:137,5,3,0
BRDA:137,5,4,0
BRDA:137,5,5,0
BRDA:137,5,6,0
BRDA:137,5,7,0
BRDA:143,6,0,0
BRDA:143,6,1,0
BRDA:149,7,0,0
BRDA:149,7,1,0
BRDA:171,8,0,0
BRDA:171,8,1,0
BRDA:173,9,0,0
BRDA:173,9,1,0
BRDA:186,10,0,0
BRDA:195,11,0,0
BRDA:195,11,1,0
BRDA:195,12,0,0
BRDA:195,12,1,0
BRF:30
BRH:0
end_of_record
TN:
SF:src/dataProviders/PolygonProvider.ts
FN:33,(anonymous_1)
FN:38,(anonymous_2)
FN:49,(anonymous_3)
FN:61,(anonymous_4)
FN:71,(anonymous_5)
FN:72,(anonymous_6)
FN:75,(anonymous_7)
FN:80,(anonymous_8)
FN:86,(anonymous_9)
FN:91,(anonymous_10)
FNF:10
FNH:0
FNDA:0,(anonymous_1)
FNDA:0,(anonymous_2)
FNDA:0,(anonymous_3)
FNDA:0,(anonymous_4)
FNDA:0,(anonymous_5)
FNDA:0,(anonymous_6)
FNDA:0,(anonymous_7)
FNDA:0,(anonymous_8)
FNDA:0,(anonymous_9)
FNDA:0,(anonymous_10)
DA:1,0
DA:2,0
DA:3,0
DA:5,0
DA:30,0
DA:34,0
DA:35,0
DA:39,0
DA:40,0
DA:41,0
DA:42,0
DA:50,0
DA:51,0
DA:52,0
DA:55,0
DA:56,0
DA:57,0
DA:61,0
DA:72,0
DA:73,0
DA:75,0
DA:76,0
DA:77,0
DA:80,0
DA:83,0
DA:86,0
DA:87,0
DA:88,0
DA:91,0
DA:92,0
DA:93,0
LF:31
LH:0
BRDA:44,0,0,0
BRDA:44,0,1,0
BRDA:45,1,0,0
BRDA:45,1,1,0
BRDA:49,2,0,0
BRDA:55,3,0,0
BRDA:55,3,1,0
BRF:7
BRH:0
end_of_record
TN:
SF:src/dataProviders/TwelveDataProvider.ts
FN:9,(anonymous_1)
FN:14,(anonymous_2)
FN:43,(anonymous_3)
FN:70,(anonymous_4)
FN:84,(anonymous_5)
FNF:5
FNH:0
FNDA:0,(anonymous_1)
FNDA:0,(anonymous_2)
FNDA:0,(anonymous_3)
FNDA:0,(anonymous_4)
FNDA:0,(anonymous_5)
DA:1,0
DA:2,0
DA:4,0
DA:6,0
DA:10,0
DA:11,0
DA:15,0
DA:16,0
DA:17,0
DA:18,0
DA:20,0
DA:21,0
DA:22,0
DA:25,0
DA:38,0
DA:39,0
DA:44,0
DA:46,0
DA:57,0
DA:59,0
DA:60,0
DA:61,0
DA:63,0
DA:64,0
DA:65,0
DA:69,0
DA:70,0
DA:79,0
DA:80,0
DA:88,0
DA:89,0
LF:31
LH:0
BRDA:20,0,0,0
BRDA:20,0,1,0
BRDA:43,1,0,0
BRDA:57,2,0,0
BRDA:57,2,1,0
BRDA:63,3,0,0
BRDA:63,3,1,0
BRDA:69,4,0,0
BRDA:69,4,1,0
BRF:9
BRH:0
end_of_record
TN:
SF:src/dataProviders/baseProvider.ts
FN:2,(anonymous_0)
FN:6,(anonymous_1)
FN:10,(anonymous_2)
FNF:3
FNH:3
FNDA:1,(anonymous_0)
FNDA:1,(anonymous_1)
FNDA:1,(anonymous_2)
DA:1,4
DA:3,1
DA:7,1
DA:11,1
LF:4
LH:4
BRDA:6,0,0,0
BRF:1
BRH:0
end_of_record
TN:
SF:src/dataProviders/yahooProvider.ts
FN:6,(anonymous_1)
FN:9,(anonymous_2)
FN:18,(anonymous_3)
FN:34,(anonymous_4)
FNF:4
FNH:4
FNDA:7,(anonymous_1)
FNDA:2,(anonymous_2)
FNDA:3,(anonymous_3)
FNDA:1,(anonymous_4)
DA:1,2
DA:2,2
DA:3,2
DA:5,2
DA:7,7
DA:10,2
DA:11,2
DA:12,1
DA:14,1
DA:15,1
DA:19,3
DA:20,3
DA:21,3
DA:25,2
DA:29,1
DA:30,1
DA:35,1
LF:17
LH:17
BRDA:18,0,0,0
BRDA:25,1,0,2
BRDA:25,1,1,1
BRF:3
BRH:2
end_of_record
TN:
SF:src/database/tradingSchema.ts
FN:44,(anonymous_0)
FN:45,(anonymous_1)
FN:46,(anonymous_2)
FN:63,(anonymous_3)
FN:85,(anonymous_4)
FN:111,(anonymous_5)
FN:121,(anonymous_6)
FN:125,(anonymous_7)
FN:129,(anonymous_8)
FN:133,(anonymous_9)
FN:137,(anonymous_10)
FN:146,(anonymous_11)
FN:147,(anonymous_12)
FN:152,(anonymous_13)
FN:175,(anonymous_14)
FN:176,(anonymous_15)
FN:181,(anonymous_16)
FN:201,(anonymous_17)
FN:202,(anonymous_18)
FN:207,(anonymous_19)
FN:229,(anonymous_20)
FN:230,(anonymous_21)
FN:231,(anonymous_22)
FN:232,(anonymous_23)
FN:233,(anonymous_24)
FN:243,(anonymous_25)
FN:254,(anonymous_26)
FN:255,(anonymous_27)
FN:256,(anonymous_28)
FN:266,(anonymous_29)
FN:267,(anonymous_30)
FN:271,(anonymous_31)
FN:282,(anonymous_32)
FN:283,(anonymous_33)
FN:287,(anonymous_34)
FN:298,(anonymous_35)
FN:299,(anonymous_36)
FN:303,(anonymous_37)
FN:314,(anonymous_38)
FN:315,(anonymous_39)
FN:319,(anonymous_40)
FN:330,(anonymous_41)
FN:331,(anonymous_42)
FN:335,(anonymous_43)
FNF:44
FNH:0
FNDA:0,(anonymous_0)
FNDA:0,(anonymous_1)
FNDA:0,(anonymous_2)
FNDA:0,(anonymous_3)
FNDA:0,(anonymous_4)
FNDA:0,(anonymous_5)
FNDA:0,(anonymous_6)
FNDA:0,(anonymous_7)
FNDA:0,(anonymous_8)
FNDA:0,(anonymous_9)
FNDA:0,(anonymous_10)
FNDA:0,(anonymous_11)
FNDA:0,(anonymous_12)
FNDA:0,(anonymous_13)
FNDA:0,(anonymous_14)
FNDA:0,(anonymous_15)
FNDA:0,(anonymous_16)
FNDA:0,(anonymous_17)
FNDA:0,(anonymous_18)
FNDA:0,(anonymous_19)
FNDA:0,(anonymous_20)
FNDA:0,(anonymous_21)
FNDA:0,(anonymous_22)
FNDA:0,(anonymous_23)
FNDA:0,(anonymous_24)
FNDA:0,(anonymous_25)
FNDA:0,(anonymous_26)
FNDA:0,(anonymous_27)
FNDA:0,(anonymous_28)
FNDA:0,(anonymous_29)
FNDA:0,(anonymous_30)
FNDA:0,(anonymous_31)
FNDA:0,(anonymous_32)
FNDA:0,(anonymous_33)
FNDA:0,(anonymous_34)
FNDA:0,(anonymous_35)
FNDA:0,(anonymous_36)
FNDA:0,(anonymous_37)
FNDA:0,(anonymous_38)
FNDA:0,(anonymous_39)
FNDA:0,(anonymous_40)
FNDA:0,(anonymous_41)
FNDA:0,(anonymous_42)
FNDA:0,(anonymous_43)
DA:1,0
DA:43,0
DA:45,0
DA:46,0
DA:48,0
DA:64,0
DA:65,0
DA:66,0
DA:68,0
DA:73,0
DA:86,0
DA:87,0
DA:88,0
DA:90,0
DA:95,0
DA:112,0
DA:113,0
DA:114,0
DA:116,0
DA:121,0
DA:122,0
DA:125,0
DA:126,0
DA:129,0
DA:130,0
DA:133,0
DA:134,0
DA:137,0
DA:138,0
DA:141,0
DA:147,0
DA:148,0
DA:149,0
DA:153,0
DA:154,0
DA:156,0
DA:176,0
DA:177,0
DA:178,0
DA:182,0
DA:183,0
DA:185,0
DA:202,0
DA:203,0
DA:204,0
DA:208,0
DA:209,0
DA:211,0
DA:230,0
DA:231,0
DA:232,0
DA:233,0
DA:235,0
DA:236,0
DA:237,0
DA:240,0
DA:244,0
DA:245,0
DA:247,0
DA:255,0
DA:256,0
DA:257,0
DA:258,0
DA:260,0
DA:267,0
DA:268,0
DA:272,0
DA:273,0
DA:275,0
DA:283,0
DA:284,0
DA:288,0
DA:289,0
DA:291,0
DA:299,0
DA:300,0
DA:304,0
DA:305,0
DA:307,0
DA:315,0
DA:316,0
DA:320,0
DA:321,0
DA:323,0
DA:331,0
DA:332,0
DA:336,0
DA:337,0
DA:339,0
LF:89
LH:0
BRDA:64,0,0,0
BRDA:64,0,1,0
BRDA:86,1,0,0
BRDA:86,1,1,0
BRDA:112,2,0,0
BRDA:112,2,1,0
BRDA:122,3,0,0
BRDA:122,3,1,0
BRDA:126,4,0,0
BRDA:126,4,1,0
BRDA:130,5,0,0
BRDA:130,5,1,0
BRDA:134,6,0,0
BRDA:134,6,1,0
BRDA:138,7,0,0
BRDA:138,7,1,0
BRDA:153,8,0,0
BRDA:153,8,1,0
BRDA:182,9,0,0
BRDA:182,9,1,0
BRDA:206,10,0,0
BRDA:206,10,1,0
BRDA:208,11,0,0
BRDA:208,11,1,0
BRDA:231,12,0,0
BRDA:231,12,1,0
BRDA:235,13,0,0
BRDA:235,13,1,0
BRDA:244,14,0,0
BRDA:244,14,1,0
BRDA:257,15,0,0
BRDA:257,15,1,0
BRDA:260,16,0,0
BRDA:260,16,1,0
BRDA:272,17,0,0
BRDA:272,17,1,0
BRDA:275,18,0,0
BRDA:275,18,1,0
BRDA:282,19,0,0
BRDA:288,20,0,0
BRDA:288,20,1,0
BRDA:291,21,0,0
BRDA:291,21,1,0
BRDA:298,22,0,0
BRDA:304,23,0,0
BRDA:304,23,1,0
BRDA:307,24,0,0
BRDA:307,24,1,0
BRDA:314,25,0,0
BRDA:320,26,0,0
BRDA:320,26,1,0
BRDA:323,27,0,0
BRDA:323,27,1,0
BRDA:330,28,0,0
BRDA:336,29,0,0
BRDA:336,29,1,0
BRDA:339,30,0,0
BRDA:339,30,1,0
BRF:58
BRH:0
end_of_record
TN:
SF:src/strategies/baseStrategy.ts
FN:35,(anonymous_0)
FN:42,(anonymous_1)
FN:46,(anonymous_2)
FN:53,(anonymous_3)
FN:55,(anonymous_4)
FNF:5
FNH:2
FNDA:22,(anonymous_0)
FNDA:0,(anonymous_1)
FNDA:1631,(anonymous_2)
FNDA:0,(anonymous_3)
FNDA:0,(anonymous_4)
DA:35,2
DA:36,22
DA:43,0
DA:47,1631
DA:48,1631
DA:49,1506
DA:54,0
DA:55,0
LF:8
LH:5
BRDA:46,0,0,0
BRDA:48,1,0,1506
BRDA:48,1,1,125
BRDA:54,2,0,0
BRDA:54,2,1,0
BRF:5
BRH:2
end_of_record
TN:
SF:src/strategies/bollingerBandsStrategy.ts
FN:50,(anonymous_0)
FN:60,(anonymous_1)
FN:95,(anonymous_2)
FN:103,(anonymous_3)
FN:110,(anonymous_4)
FN:116,(anonymous_5)
FN:128,(anonymous_6)
FN:143,(anonymous_7)
FN:155,(anonymous_8)
FN:162,(anonymous_9)
FN:169,(anonymous_10)
FN:178,(anonymous_11)
FN:185,(anonymous_12)
FN:198,runBollingerBandsStrategy
FN:277,(anonymous_14)
FNF:15
FNH:0
FNDA:0,(anonymous_0)
FNDA:0,(anonymous_1)
FNDA:0,(anonymous_2)
FNDA:0,(anonymous_3)
FNDA:0,(anonymous_4)
FNDA:0,(anonymous_5)
FNDA:0,(anonymous_6)
FNDA:0,(anonymous_7)
FNDA:0,(anonymous_8)
FNDA:0,(anonymous_9)
FNDA:0,(anonymous_10)
FNDA:0,(anonymous_11)
FNDA:0,(anonymous_12)
FNDA:0,runBollingerBandsStrategy
FNDA:0,(anonymous_14)
DA:42,0
DA:44,0
DA:46,0
DA:47,0
DA:48,0
DA:51,0
DA:52,0
DA:61,0
DA:64,0
DA:65,0
DA:66,0
DA:69,0
DA:70,0
DA:73,0
DA:74,0
DA:75,0
DA:76,0
DA:77,0
DA:81,0
DA:82,0
DA:83,0
DA:84,0
DA:85,0
DA:88,0
DA:96,0
DA:104,0
DA:111,0
DA:115,0
DA:116,0
DA:119,0
DA:120,0
DA:121,0
DA:122,0
DA:124,0
DA:128,0
DA:129,0
DA:131,0
DA:134,0
DA:135,0
DA:137,0
DA:144,0
DA:145,0
DA:148,0
DA:149,0
DA:156,0
DA:163,0
DA:170,0
DA:171,0
DA:172,0
DA:179,0
DA:186,0
DA:198,0
DA:206,0
DA:207,0
DA:213,0
DA:214,0
DA:215,0
DA:216,0
DA:217,0
DA:218,0
DA:219,0
DA:221,0
DA:222,0
DA:223,0
DA:224,0
DA:225,0
DA:227,0
DA:229,0
DA:230,0
DA:231,0
DA:233,0
DA:234,0
DA:237,0
DA:240,0
DA:251,0
DA:253,0
DA:254,0
DA:256,0
DA:257,0
DA:260,0
DA:263,0
DA:276,0
DA:277,0
DA:278,0
DA:279,0
DA:281,0
DA:286,0
DA:287,0
DA:290,0
DA:291,0
DA:293,0
DA:294,0
DA:295,0
DA:300,0
DA:301,0
DA:302,0
DA:303,0
DA:305,0
LF:98
LH:0
BRDA:64,0,0,0
BRDA:64,0,1,0
BRDA:73,1,0,0
BRDA:73,1,1,0
BRDA:73,2,0,0
BRDA:73,2,1,0
BRDA:81,3,0,0
BRDA:81,3,1,0
BRDA:81,4,0,0
BRDA:81,4,1,0
BRDA:115,5,0,0
BRDA:115,5,1,0
BRDA:144,6,0,0
BRDA:144,6,1,0
BRDA:227,7,0,0
BRDA:227,7,1,0
BRDA:227,8,0,0
BRDA:227,8,1,0
BRDA:237,9,0,0
BRDA:237,9,1,0
BRDA:237,10,0,0
BRDA:237,10,1,0
BRDA:246,11,0,0
BRDA:246,11,1,0
BRDA:247,12,0,0
BRDA:247,12,1,0
BRDA:248,13,0,0
BRDA:248,13,1,0
BRDA:251,14,0,0
BRDA:251,14,1,0
BRDA:251,15,0,0
BRDA:251,15,1,0
BRDA:260,16,0,0
BRDA:260,16,1,0
BRDA:260,17,0,0
BRDA:260,17,1,0
BRDA:269,18,0,0
BRDA:269,18,1,0
BRDA:270,19,0,0
BRDA:270,19,1,0
BRDA:271,20,0,0
BRDA:271,20,1,0
BRDA:276,21,0,0
BRDA:276,21,1,0
BRDA:278,22,0,0
BRDA:278,22,1,0
BRDA:278,23,0,0
BRDA:278,23,1,0
BRDA:290,24,0,0
BRDA:290,24,1,0
BRDA:294,25,0,0
BRDA:294,25,1,0
BRDA:300,26,0,0
BRDA:300,26,1,0
BRDA:303,27,0,0
BRDA:303,27,1,0
BRF:56
BRH:0
end_of_record
TN:
SF:src/strategies/breakoutStrategy.ts
FN:50,(anonymous_0)
FN:60,(anonymous_1)
FN:98,(anonymous_2)
FN:132,(anonymous_3)
FN:134,(anonymous_4)
FN:163,(anonymous_5)
FN:173,(anonymous_6)
FN:180,(anonymous_7)
FN:187,(anonymous_8)
FN:200,(anonymous_9)
FN:207,(anonymous_10)
FN:220,runBreakoutStrategy
FN:261,(anonymous_12)
FN:285,(anonymous_13)
FN:302,(anonymous_14)
FNF:15
FNH:0
FNDA:0,(anonymous_0)
FNDA:0,(anonymous_1)
FNDA:0,(anonymous_2)
FNDA:0,(anonymous_3)
FNDA:0,(anonymous_4)
FNDA:0,(anonymous_5)
FNDA:0,(anonymous_6)
FNDA:0,(anonymous_7)
FNDA:0,(anonymous_8)
FNDA:0,(anonymous_9)
FNDA:0,(anonymous_10)
FNDA:0,runBreakoutStrategy
FNDA:0,(anonymous_12)
FNDA:0,(anonymous_13)
FNDA:0,(anonymous_14)
DA:40,0
DA:42,0
DA:43,0
DA:44,0
DA:45,0
DA:46,0
DA:47,0
DA:48,0
DA:51,0
DA:61,0
DA:62,0
DA:65,0
DA:66,0
DA:67,0
DA:71,0
DA:72,0
DA:76,0
DA:79,0
DA:80,0
DA:81,0
DA:82,0
DA:83,0
DA:84,0
DA:85,0
DA:86,0
DA:91,0
DA:92,0
DA:99,0
DA:100,0
DA:103,0
DA:106,0
DA:107,0
DA:109,0
DA:111,0
DA:112,0
DA:115,0
DA:116,0
DA:121,0
DA:122,0
DA:124,0
DA:125,0
DA:134,0
DA:135,0
DA:138,0
DA:141,0
DA:142,0
DA:143,0
DA:144,0
DA:148,0
DA:151,0
DA:152,0
DA:153,0
DA:154,0
DA:157,0
DA:164,0
DA:174,0
DA:181,0
DA:188,0
DA:189,0
DA:190,0
DA:191,0
DA:192,0
DA:193,0
DA:194,0
DA:201,0
DA:208,0
DA:220,0
DA:228,0
DA:229,0
DA:236,0
DA:237,0
DA:238,0
DA:239,0
DA:240,0
DA:241,0
DA:242,0
DA:244,0
DA:245,0
DA:246,0
DA:247,0
DA:248,0
DA:250,0
DA:252,0
DA:253,0
DA:254,0
DA:256,0
DA:257,0
DA:260,0
DA:261,0
DA:262,0
DA:264,0
DA:275,0
DA:277,0
DA:278,0
DA:280,0
DA:281,0
DA:284,0
DA:285,0
DA:286,0
DA:288,0
DA:301,0
DA:302,0
DA:303,0
DA:304,0
DA:306,0
DA:311,0
DA:312,0
DA:315,0
DA:316,0
DA:318,0
DA:319,0
DA:320,0
DA:325,0
DA:326,0
DA:327,0
DA:328,0
DA:330,0
LF:117
LH:0
BRDA:60,0,0,0
BRDA:65,1,0,0
BRDA:65,1,1,0
BRDA:71,2,0,0
BRDA:71,2,1,0
BRDA:79,3,0,0
BRDA:79,3,1,0
BRDA:81,4,0,0
BRDA:81,4,1,0
BRDA:86,5,0,0
BRDA:86,5,1,0
BRDA:99,6,0,0
BRDA:99,6,1,0
BRDA:111,7,0,0
BRDA:111,7,1,0
BRDA:111,8,0,0
BRDA:111,8,1,0
BRDA:115,9,0,0
BRDA:115,9,1,0
BRDA:115,10,0,0
BRDA:115,10,1,0
BRDA:121,11,0,0
BRDA:121,11,1,0
BRDA:124,12,0,0
BRDA:124,12,1,0
BRDA:138,13,0,0
BRDA:138,13,1,0
BRDA:138,14,0,0
BRDA:138,14,1,0
BRDA:138,14,2,0
BRDA:148,15,0,0
BRDA:148,15,1,0
BRDA:148,16,0,0
BRDA:148,16,1,0
BRDA:148,16,2,0
BRDA:246,17,0,0
BRDA:246,17,1,0
BRDA:250,18,0,0
BRDA:250,18,1,0
BRDA:250,19,0,0
BRDA:250,19,1,0
BRDA:261,20,0,0
BRDA:261,20,1,0
BRDA:270,21,0,0
BRDA:270,21,1,0
BRDA:271,22,0,0
BRDA:271,22,1,0
BRDA:275,23,0,0
BRDA:275,23,1,0
BRDA:275,24,0,0
BRDA:275,24,1,0
BRDA:285,25,0,0
BRDA:285,25,1,0
BRDA:294,26,0,0
BRDA:294,26,1,0
BRDA:295,27,0,0
BRDA:295,27,1,0
BRDA:301,28,0,0
BRDA:301,28,1,0
BRDA:303,29,0,0
BRDA:303,29,1,0
BRDA:303,30,0,0
BRDA:303,30,1,0
BRDA:315,31,0,0
BRDA:315,31,1,0
BRDA:319,32,0,0
BRDA:319,32,1,0
BRDA:325,33,0,0
BRDA:325,33,1,0
BRDA:328,34,0,0
BRDA:328,34,1,0
BRF:71
BRH:0
end_of_record
TN:
SF:src/strategies/index.ts
FN:10,(anonymous_0)
FN:14,(anonymous_1)
FN:19,(anonymous_2)
FN:23,(anonymous_3)
FN:28,(anonymous_4)
FN:32,(anonymous_5)
FN:37,(anonymous_6)
FN:41,(anonymous_7)
FN:46,(anonymous_8)
FN:50,(anonymous_9)
FN:54,(anonymous_10)
FNF:11
FNH:0
FNDA:0,(anonymous_0)
FNDA:0,(anonymous_1)
FNDA:0,(anonymous_2)
FNDA:0,(anonymous_3)
FNDA:0,(anonymous_4)
FNDA:0,(anonymous_5)
FNDA:0,(anonymous_6)
FNDA:0,(anonymous_7)
FNDA:0,(anonymous_8)
FNDA:0,(anonymous_9)
FNDA:0,(anonymous_10)
DA:9,0
DA:10,0
DA:14,0
DA:18,0
DA:19,0
DA:23,0
DA:27,0
DA:28,0
DA:32,0
DA:36,0
DA:37,0
DA:41,0
DA:45,0
DA:46,0
DA:50,0
DA:54,0
LF:16
LH:0
BRF:0
BRH:0
end_of_record
TN:
SF:src/strategies/meanReversionStrategy.ts
FN:43,(anonymous_0)
FN:53,(anonymous_1)
FN:88,(anonymous_2)
FN:96,(anonymous_3)
FN:103,(anonymous_4)
FN:104,(anonymous_5)
FN:111,(anonymous_6)
FN:121,(anonymous_7)
FN:128,(anonymous_8)
FN:135,(anonymous_9)
FN:144,(anonymous_10)
FN:151,(anonymous_11)
FN:164,runMeanReversionStrategy
FN:234,(anonymous_13)
FNF:14
FNH:8
FNDA:22,(anonymous_0)
FNDA:1631,(anonymous_1)
FNDA:1631,(anonymous_2)
FNDA:0,(anonymous_3)
FNDA:3046,(anonymous_4)
FNDA:45484,(anonymous_5)
FNDA:1631,(anonymous_6)
FNDA:0,(anonymous_7)
FNDA:0,(anonymous_8)
FNDA:0,(anonymous_9)
FNDA:0,(anonymous_10)
FNDA:0,(anonymous_11)
FNDA:22,runMeanReversionStrategy
FNDA:388,(anonymous_13)
DA:35,2
DA:37,2
DA:39,22
DA:40,22
DA:41,22
DA:44,22
DA:45,22
DA:54,1631
DA:57,1631
DA:58,108
DA:59,108
DA:62,1523
DA:63,1523
DA:66,1523
DA:67,194
DA:68,194
DA:69,194
DA:70,194
DA:74,1329
DA:75,194
DA:76,194
DA:77,194
DA:78,194
DA:81,1135
DA:89,1631
DA:97,0
DA:104,45484
DA:105,3046
DA:112,1631
DA:113,108
DA:115,1523
DA:122,0
DA:129,0
DA:136,0
DA:137,0
DA:138,0
DA:145,0
DA:152,0
DA:164,2
DA:172,22
DA:173,22
DA:178,22
DA:179,22
DA:180,22
DA:181,22
DA:182,22
DA:183,22
DA:184,22
DA:186,22
DA:187,1631
DA:188,1631
DA:189,1631
DA:190,1631
DA:192,1631
DA:194,194
DA:195,194
DA:196,194
DA:198,194
DA:199,194
DA:201,194
DA:203,194
DA:212,1437
DA:214,194
DA:215,194
DA:217,194
DA:218,194
DA:220,194
DA:222,194
DA:233,194
DA:234,388
DA:235,194
DA:236,194
DA:238,194
DA:243,1631
DA:244,1631
DA:247,1631
DA:248,356
DA:250,1631
DA:251,1631
DA:252,31
DA:257,22
DA:258,22
DA:259,22
DA:260,22
DA:262,22
LF:85
LH:77
BRDA:57,0,0,108
BRDA:57,0,1,1523
BRDA:66,1,0,194
BRDA:66,1,1,1329
BRDA:66,2,0,1523
BRDA:66,2,1,463
BRDA:74,3,0,194
BRDA:74,3,1,1135
BRDA:74,4,0,1329
BRDA:74,4,1,502
BRDA:112,5,0,108
BRDA:112,5,1,1523
BRDA:192,6,0,194
BRDA:192,6,1,1437
BRDA:192,7,0,1631
BRDA:192,7,1,194
BRDA:201,8,0,194
BRDA:201,8,1,0
BRDA:209,9,0,194
BRDA:209,9,1,0
BRDA:212,10,0,194
BRDA:212,10,1,1243
BRDA:212,11,0,1437
BRDA:212,11,1,194
BRDA:220,12,0,194
BRDA:220,12,1,0
BRDA:228,13,0,194
BRDA:228,13,1,0
BRDA:233,14,0,194
BRDA:233,14,1,0
BRDA:235,15,0,194
BRDA:235,15,1,0
BRDA:235,16,0,194
BRDA:235,16,1,194
BRDA:247,17,0,356
BRDA:247,17,1,1275
BRDA:251,18,0,31
BRDA:251,18,1,1600
BRDA:257,19,0,20
BRDA:257,19,1,2
BRDA:260,20,0,15
BRDA:260,20,1,7
BRF:42
BRH:36
end_of_record
TN:
SF:src/strategies/momentumStrategy.ts
FN:47,(anonymous_0)
FN:57,(anonymous_1)
FN:113,(anonymous_2)
FN:121,(anonymous_3)
FN:128,(anonymous_4)
FN:162,(anonymous_5)
FN:176,(anonymous_6)
FN:190,(anonymous_7)
FN:197,(anonymous_8)
FN:204,(anonymous_9)
FN:213,(anonymous_10)
FN:220,(anonymous_11)
FN:233,runMomentumStrategy
FN:318,(anonymous_13)
FNF:14
FNH:0
FNDA:0,(anonymous_0)
FNDA:0,(anonymous_1)
FNDA:0,(anonymous_2)
FNDA:0,(anonymous_3)
FNDA:0,(anonymous_4)
FNDA:0,(anonymous_5)
FNDA:0,(anonymous_6)
FNDA:0,(anonymous_7)
FNDA:0,(anonymous_8)
FNDA:0,(anonymous_9)
FNDA:0,(anonymous_10)
FNDA:0,(anonymous_11)
FNDA:0,runMomentumStrategy
FNDA:0,(anonymous_13)
DA:39,0
DA:41,0
DA:43,0
DA:44,0
DA:45,0
DA:48,0
DA:49,0
DA:58,0
DA:59,0
DA:62,0
DA:63,0
DA:64,0
DA:67,0
DA:68,0
DA:71,0
DA:73,0
DA:74,0
DA:75,0
DA:76,0
DA:77,0
DA:80,0
DA:81,0
DA:82,0
DA:83,0
DA:84,0
DA:89,0
DA:91,0
DA:92,0
DA:93,0
DA:94,0
DA:95,0
DA:98,0
DA:99,0
DA:100,0
DA:101,0
DA:102,0
DA:106,0
DA:114,0
DA:122,0
DA:129,0
DA:130,0
DA:133,0
DA:134,0
DA:135,0
DA:137,0
DA:138,0
DA:139,0
DA:140,0
DA:142,0
DA:146,0
DA:147,0
DA:149,0
DA:150,0
DA:153,0
DA:154,0
DA:156,0
DA:163,0
DA:164,0
DA:167,0
DA:168,0
DA:170,0
DA:177,0
DA:178,0
DA:181,0
DA:191,0
DA:198,0
DA:205,0
DA:206,0
DA:207,0
DA:214,0
DA:221,0
DA:233,0
DA:241,0
DA:242,0
DA:250,0
DA:251,0
DA:252,0
DA:253,0
DA:254,0
DA:255,0
DA:256,0
DA:258,0
DA:259,0
DA:260,0
DA:261,0
DA:262,0
DA:264,0
DA:266,0
DA:267,0
DA:268,0
DA:270,0
DA:271,0
DA:273,0
DA:274,0
DA:275,0
DA:276,0
DA:277,0
DA:280,0
DA:290,0
DA:292,0
DA:293,0
DA:295,0
DA:296,0
DA:298,0
DA:299,0
DA:300,0
DA:301,0
DA:302,0
DA:305,0
DA:317,0
DA:318,0
DA:319,0
DA:320,0
DA:322,0
DA:327,0
DA:328,0
DA:331,0
DA:332,0
DA:334,0
DA:335,0
DA:336,0
DA:341,0
DA:342,0
DA:343,0
DA:344,0
DA:346,0
LF:126
LH:0
BRDA:62,0,0,0
BRDA:62,0,1,0
BRDA:71,1,0,0
BRDA:71,1,1,0
BRDA:73,2,0,0
BRDA:73,2,1,0
BRDA:73,3,0,0
BRDA:73,3,1,0
BRDA:80,4,0,0
BRDA:80,4,1,0
BRDA:80,5,0,0
BRDA:80,5,1,0
BRDA:89,6,0,0
BRDA:89,6,1,0
BRDA:91,7,0,0
BRDA:91,7,1,0
BRDA:98,8,0,0
BRDA:98,8,1,0
BRDA:129,9,0,0
BRDA:129,9,1,0
BRDA:139,10,0,0
BRDA:139,10,1,0
BRDA:149,11,0,0
BRDA:149,11,1,0
BRDA:163,12,0,0
BRDA:163,12,1,0
BRDA:177,13,0,0
BRDA:177,13,1,0
BRDA:264,14,0,0
BRDA:264,14,1,0
BRDA:264,15,0,0
BRDA:264,15,1,0
BRDA:274,16,0,0
BRDA:274,16,1,0
BRDA:274,17,0,0
BRDA:274,17,1,0
BRDA:276,18,0,0
BRDA:276,18,1,0
BRDA:276,19,0,0
BRDA:276,19,1,0
BRDA:286,20,0,0
BRDA:286,20,1,0
BRDA:287,21,0,0
BRDA:287,21,1,0
BRDA:290,22,0,0
BRDA:290,22,1,0
BRDA:290,23,0,0
BRDA:290,23,1,0
BRDA:299,24,0,0
BRDA:299,24,1,0
BRDA:299,25,0,0
BRDA:299,25,1,0
BRDA:301,26,0,0
BRDA:301,26,1,0
BRDA:301,27,0,0
BRDA:301,27,1,0
BRDA:311,28,0,0
BRDA:311,28,1,0
BRDA:312,29,0,0
BRDA:312,29,1,0
BRDA:317,30,0,0
BRDA:317,30,1,0
BRDA:319,31,0,0
BRDA:319,31,1,0
BRDA:319,32,0,0
BRDA:319,32,1,0
BRDA:331,33,0,0
BRDA:331,33,1,0
BRDA:335,34,0,0
BRDA:335,34,1,0
BRDA:341,35,0,0
BRDA:341,35,1,0
BRDA:344,36,0,0
BRDA:344,36,1,0
BRF:74
BRH:0
end_of_record
TN:
SF:src/strategies/movingAverage.ts
FN:9,(anonymous_0)
FN:15,(anonymous_1)
FN:19,(anonymous_2)
FN:30,(anonymous_3)
FN:35,avg
FN:36,(anonymous_5)
FNF:6
FNH:0
FNDA:0,(anonymous_0)
FNDA:0,(anonymous_1)
FNDA:0,(anonymous_2)
FNDA:0,(anonymous_3)
FNDA:0,avg
FNDA:0,(anonymous_5)
DA:1,0
DA:5,0
DA:10,0
DA:11,0
DA:12,0
DA:16,0
DA:20,0
DA:22,0
DA:23,0
DA:25,0
DA:26,0
DA:27,0
DA:31,0
DA:36,0
LF:14
LH:0
BRDA:9,0,0,0
BRDA:9,1,0,0
BRDA:20,2,0,0
BRDA:20,2,1,0
BRDA:25,3,0,0
BRDA:25,3,1,0
BRDA:26,4,0,0
BRDA:26,4,1,0
BRF:8
BRH:0
end_of_record
TN:
SF:src/strategies/movingAverageCrossoverStrategy.ts
FN:45,(anonymous_0)
FN:54,(anonymous_1)
FN:101,(anonymous_2)
FN:112,(anonymous_3)
FN:114,(anonymous_4)
FN:121,(anonymous_5)
FN:138,(anonymous_6)
FN:152,(anonymous_7)
FN:159,(anonymous_8)
FN:166,(anonymous_9)
FN:177,(anonymous_10)
FN:184,(anonymous_11)
FN:197,runMovingAverageCrossoverStrategy
FN:265,(anonymous_13)
FNF:14
FNH:0
FNDA:0,(anonymous_0)
FNDA:0,(anonymous_1)
FNDA:0,(anonymous_2)
FNDA:0,(anonymous_3)
FNDA:0,(anonymous_4)
FNDA:0,(anonymous_5)
FNDA:0,(anonymous_6)
FNDA:0,(anonymous_7)
FNDA:0,(anonymous_8)
FNDA:0,(anonymous_9)
FNDA:0,(anonymous_10)
FNDA:0,(anonymous_11)
FNDA:0,runMovingAverageCrossoverStrategy
FNDA:0,(anonymous_13)
DA:37,0
DA:39,0
DA:40,0
DA:41,0
DA:42,0
DA:43,0
DA:46,0
DA:55,0
DA:58,0
DA:59,0
DA:63,0
DA:64,0
DA:67,0
DA:68,0
DA:71,0
DA:72,0
DA:74,0
DA:76,0
DA:77,0
DA:78,0
DA:79,0
DA:80,0
DA:83,0
DA:84,0
DA:85,0
DA:86,0
DA:87,0
DA:92,0
DA:93,0
DA:95,0
DA:102,0
DA:103,0
DA:105,0
DA:113,0
DA:114,0
DA:115,0
DA:122,0
DA:123,0
DA:126,0
DA:128,0
DA:129,0
DA:132,0
DA:139,0
DA:140,0
DA:143,0
DA:153,0
DA:160,0
DA:167,0
DA:168,0
DA:169,0
DA:170,0
DA:171,0
DA:178,0
DA:185,0
DA:197,0
DA:205,0
DA:206,0
DA:212,0
DA:213,0
DA:214,0
DA:215,0
DA:216,0
DA:217,0
DA:218,0
DA:220,0
DA:221,0
DA:222,0
DA:223,0
DA:225,0
DA:227,0
DA:228,0
DA:229,0
DA:231,0
DA:232,0
DA:234,0
DA:244,0
DA:246,0
DA:247,0
DA:249,0
DA:250,0
DA:252,0
DA:264,0
DA:265,0
DA:266,0
DA:267,0
DA:269,0
DA:274,0
DA:275,0
DA:278,0
DA:279,0
DA:281,0
DA:282,0
DA:283,0
DA:288,0
DA:289,0
DA:290,0
DA:291,0
DA:293,0
LF:98
LH:0
BRDA:58,0,0,0
BRDA:58,0,1,0
BRDA:63,1,0,0
BRDA:63,1,1,0
BRDA:74,2,0,0
BRDA:74,2,1,0
BRDA:74,3,0,0
BRDA:74,3,1,0
BRDA:76,4,0,0
BRDA:76,4,1,0
BRDA:76,5,0,0
BRDA:76,5,1,0
BRDA:76,5,2,0
BRDA:83,6,0,0
BRDA:83,6,1,0
BRDA:83,7,0,0
BRDA:83,7,1,0
BRDA:83,7,2,0
BRDA:102,8,0,0
BRDA:102,8,1,0
BRDA:139,9,0,0
BRDA:139,9,1,0
BRDA:225,10,0,0
BRDA:225,10,1,0
BRDA:225,11,0,0
BRDA:225,11,1,0
BRDA:240,12,0,0
BRDA:240,12,1,0
BRDA:241,13,0,0
BRDA:241,13,1,0
BRDA:244,14,0,0
BRDA:244,14,1,0
BRDA:244,15,0,0
BRDA:244,15,1,0
BRDA:258,16,0,0
BRDA:258,16,1,0
BRDA:259,17,0,0
BRDA:259,17,1,0
BRDA:264,18,0,0
BRDA:264,18,1,0
BRDA:266,19,0,0
BRDA:266,19,1,0
BRDA:266,20,0,0
BRDA:266,20,1,0
BRDA:278,21,0,0
BRDA:278,21,1,0
BRDA:282,22,0,0
BRDA:282,22,1,0
BRDA:288,23,0,0
BRDA:288,23,1,0
BRDA:291,24,0,0
BRDA:291,24,1,0
BRF:52
BRH:0
end_of_record
TN:
SF:src/strategies/runStrategy.ts
FN:28,runStrategy
FNF:1
FNH:1
FNDA:22,runStrategy
DA:1,2
DA:28,2
DA:39,22
DA:42,22
LF:4
LH:4
BRDA:31,0,0,1
BRF:1
BRH:1
end_of_record
TN:
SF:src/utils/yahoo.ts
FN:12,fetchYahooData
FN:22,(anonymous_2)
FN:23,(anonymous_3)
FNF:3
FNH:0
FNDA:0,fetchYahooData
FNDA:0,(anonymous_2)
FNDA:0,(anonymous_3)
DA:1,0
DA:12,0
DA:13,0
DA:14,0
DA:16,0
DA:18,0
DA:19,0
DA:21,0
DA:22,0
DA:24,0
DA:25,0
LF:11
LH:0
BRDA:16,0,0,0
BRDA:16,0,1,0
BRF:2
BRH:0
end_of_record
