TN:
SF:src/backtest.ts
FN:21,main
FN:44,(anonymous_2)
FN:60,(anonymous_3)
FNF:3
FNH:0
FNDA:0,main
FNDA:0,(anonymous_2)
FNDA:0,(anonymous_3)
DA:2,0
DA:3,0
DA:4,0
DA:5,0
DA:6,0
DA:8,0
DA:22,0
DA:23,0
DA:26,0
DA:27,0
DA:28,0
DA:32,0
DA:36,0
DA:37,0
DA:44,0
DA:45,0
DA:46,0
DA:49,0
DA:50,0
DA:51,0
DA:52,0
DA:53,0
DA:54,0
DA:55,0
DA:56,0
DA:57,0
DA:59,0
DA:60,0
DA:61,0
DA:62,0
DA:66,0
DA:67,0
DA:68,0
DA:69,0
DA:70,0
DA:71,0
DA:72,0
DA:76,0
DA:80,0
LF:39
LH:0
BRDA:26,0,0,0
BRDA:26,0,1,0
BRDA:32,1,0,0
BRDA:32,1,1,0
BRDA:36,2,0,0
BRDA:36,2,1,0
BRDA:61,3,0,0
BRDA:61,3,1,0
BRDA:66,4,0,0
BRDA:66,4,1,0
BRDA:66,5,0,0
BRDA:66,5,1,0
BRDA:71,6,0,0
BRDA:71,6,1,0
BRF:14
BRH:0
end_of_record
TN:
SF:src/cache/CacheManager.ts
FN:7,(anonymous_0)
FN:14,(anonymous_1)
FN:75,(anonymous_2)
FN:80,(anonymous_3)
FN:94,(anonymous_4)
FN:180,(anonymous_5)
FN:235,(anonymous_6)
FN:284,(anonymous_7)
FN:308,(anonymous_8)
FNF:9
FNH:0
FNDA:0,(anonymous_0)
FNDA:0,(anonymous_1)
FNDA:0,(anonymous_2)
FNDA:0,(anonymous_3)
FNDA:0,(anonymous_4)
FNDA:0,(anonymous_5)
FNDA:0,(anonymous_6)
FNDA:0,(anonymous_7)
FNDA:0,(anonymous_8)
DA:1,0
DA:2,0
DA:4,0
DA:8,0
DA:15,0
DA:16,0
DA:18,0
DA:20,0
DA:21,0
DA:22,0
DA:23,0
DA:26,0
DA:41,0
DA:56,0
DA:64,0
DA:75,0
DA:80,0
DA:86,0
DA:87,0
DA:105,0
DA:107,0
DA:108,0
DA:110,0
DA:111,0
DA:112,0
DA:115,0
DA:120,0
DA:121,0
DA:122,0
DA:124,0
DA:129,0
DA:130,0
DA:134,0
DA:135,0
DA:137,0
DA:138,0
DA:144,0
DA:145,0
DA:146,0
DA:148,0
DA:153,0
DA:154,0
DA:158,0
DA:164,0
DA:165,0
DA:167,0
DA:170,0
DA:172,0
DA:173,0
DA:181,0
DA:182,0
DA:183,0
DA:185,0
DA:186,0
DA:190,0
DA:192,0
DA:193,0
DA:194,0
DA:197,0
DA:199,0
DA:202,0
DA:204,0
DA:205,0
DA:206,0
DA:209,0
DA:221,0
DA:222,0
DA:224,0
DA:225,0
DA:227,0
DA:228,0
DA:236,0
DA:237,0
DA:239,0
DA:240,0
DA:241,0
DA:243,0
DA:244,0
DA:245,0
DA:246,0
DA:248,0
DA:258,0
DA:270,0
DA:274,0
DA:276,0
DA:277,0
DA:285,0
DA:287,0
DA:288,0
DA:289,0
DA:291,0
DA:292,0
DA:298,0
DA:300,0
DA:301,0
DA:309,0
DA:311,0
DA:312,0
DA:317,0
DA:319,0
DA:320,0
LF:101
LH:0
BRDA:67,0,0,0
BRDA:67,0,1,0
BRDA:68,1,0,0
BRDA:68,1,1,0
BRDA:71,2,0,0
BRDA:71,2,1,0
BRDA:72,3,0,0
BRDA:72,3,1,0
BRDA:94,4,0,0
BRDA:101,5,0,0
BRDA:102,6,0,0
BRDA:103,7,0,0
BRDA:104,8,0,0
BRDA:120,9,0,0
BRDA:120,9,1,0
BRDA:130,10,0,0
BRDA:130,10,1,0
BRDA:135,11,0,0
BRDA:135,11,1,0
BRDA:137,12,0,0
BRDA:137,12,1,0
BRDA:144,13,0,0
BRDA:144,13,1,0
BRDA:154,14,0,0
BRDA:154,14,1,0
BRDA:164,15,0,0
BRDA:164,15,1,0
BRDA:192,16,0,0
BRDA:192,16,1,0
BRDA:205,17,0,0
BRDA:205,17,1,0
BRDA:235,18,0,0
BRDA:248,19,0,0
BRDA:248,19,1,0
BRF:34
BRH:0
end_of_record
TN:
SF:src/cache/cacheCLI.ts
FN:12,(anonymous_1)
FN:23,(anonymous_2)
FN:28,(anonymous_3)
FN:38,(anonymous_4)
FN:54,(anonymous_5)
FN:60,(anonymous_6)
FN:69,(anonymous_7)
FN:86,(anonymous_8)
FN:96,(anonymous_9)
FN:110,(anonymous_10)
FN:114,(anonymous_11)
FN:134,(anonymous_12)
FNF:12
FNH:0
FNDA:0,(anonymous_1)
FNDA:0,(anonymous_2)
FNDA:0,(anonymous_3)
FNDA:0,(anonymous_4)
FNDA:0,(anonymous_5)
FNDA:0,(anonymous_6)
FNDA:0,(anonymous_7)
FNDA:0,(anonymous_8)
FNDA:0,(anonymous_9)
FNDA:0,(anonymous_10)
FNDA:0,(anonymous_11)
FNDA:0,(anonymous_12)
DA:2,0
DA:3,0
DA:4,0
DA:5,0
DA:6,0
DA:9,0
DA:11,0
DA:13,0
DA:14,0
DA:15,0
DA:16,0
DA:17,0
DA:18,0
DA:19,0
DA:20,0
DA:22,0
DA:23,0
DA:24,0
DA:27,0
DA:28,0
DA:29,0
DA:39,0
DA:46,0
DA:47,0
DA:48,0
DA:49,0
DA:55,0
DA:61,0
DA:70,0
DA:71,0
DA:73,0
DA:74,0
DA:77,0
DA:78,0
DA:79,0
DA:80,0
DA:81,0
DA:87,0
DA:88,0
DA:90,0
DA:91,0
DA:92,0
DA:94,0
DA:95,0
DA:96,0
DA:97,0
DA:100,0
DA:101,0
DA:104,0
DA:111,0
DA:112,0
DA:113,0
DA:114,0
DA:115,0
DA:117,0
DA:118,0
DA:119,0
DA:120,0
DA:121,0
DA:123,0
DA:125,0
DA:126,0
DA:134,0
DA:135,0
DA:136,0
LF:65
LH:0
BRDA:14,0,0,0
BRDA:14,0,1,0
BRDA:49,1,0,0
BRDA:49,1,1,0
BRDA:80,2,0,0
BRDA:80,2,1,0
BRDA:94,3,0,0
BRDA:94,3,1,0
BRDA:100,4,0,0
BRDA:100,4,1,0
BRDA:111,5,0,0
BRDA:111,5,1,0
BRDA:117,6,0,0
BRDA:117,6,1,0
BRDA:119,7,0,0
BRDA:119,7,1,0
BRDA:119,8,0,0
BRDA:119,8,1,0
BRF:18
BRH:0
end_of_record
TN:
SF:src/cache/example.ts
FN:11,demonstrateCaching
FNF:1
FNH:0
FNDA:0,demonstrateCaching
DA:7,0
DA:8,0
DA:9,0
DA:12,0
DA:14,0
DA:15,0
DA:16,0
DA:18,0
DA:19,0
DA:20,0
DA:22,0
DA:25,0
DA:26,0
DA:27,0
DA:28,0
DA:29,0
DA:32,0
DA:33,0
DA:34,0
DA:35,0
DA:36,0
DA:37,0
DA:40,0
DA:41,0
DA:42,0
DA:43,0
DA:44,0
DA:45,0
DA:46,0
DA:49,0
DA:50,0
DA:51,0
DA:52,0
DA:53,0
DA:54,0
DA:58,0
DA:59,0
DA:60,0
DA:61,0
DA:62,0
DA:63,0
DA:66,0
DA:70,0
LF:43
LH:0
BRDA:51,0,0,0
BRDA:51,0,1,0
BRDA:62,1,0,0
BRDA:62,1,1,0
BRF:4
BRH:0
end_of_record
TN:
SF:src/cache/initCache.ts
FN:10,(anonymous_1)
FN:11,(anonymous_2)
FN:21,(anonymous_3)
FN:25,(anonymous_4)
FN:34,(anonymous_5)
FN:38,(anonymous_6)
FN:39,(anonymous_7)
FNF:7
FNH:0
FNDA:0,(anonymous_1)
FNDA:0,(anonymous_2)
FNDA:0,(anonymous_3)
FNDA:0,(anonymous_4)
FNDA:0,(anonymous_5)
FNDA:0,(anonymous_6)
FNDA:0,(anonymous_7)
DA:1,0
DA:2,0
DA:3,0
DA:5,0
DA:7,0
DA:11,0
DA:12,0
DA:13,0
DA:15,0
DA:16,0
DA:22,0
DA:23,0
DA:25,0
DA:26,0
DA:27,0
DA:29,0
DA:35,0
DA:39,0
DA:40,0
DA:41,0
DA:43,0
DA:50,0
LF:22
LH:0
BRDA:12,0,0,0
BRDA:12,0,1,0
BRDA:26,1,0,0
BRDA:26,1,1,0
BRDA:40,2,0,0
BRDA:40,2,1,0
BRF:6
BRH:0
end_of_record
TN:
SF:src/dataProviders/TwelveDataProvider.ts
FN:9,(anonymous_1)
FN:14,(anonymous_2)
FN:43,(anonymous_3)
FN:70,(anonymous_4)
FN:84,(anonymous_5)
FNF:5
FNH:0
FNDA:0,(anonymous_1)
FNDA:0,(anonymous_2)
FNDA:0,(anonymous_3)
FNDA:0,(anonymous_4)
FNDA:0,(anonymous_5)
DA:1,0
DA:2,0
DA:4,0
DA:6,0
DA:10,0
DA:11,0
DA:15,0
DA:16,0
DA:17,0
DA:18,0
DA:20,0
DA:21,0
DA:22,0
DA:25,0
DA:38,0
DA:39,0
DA:44,0
DA:46,0
DA:57,0
DA:59,0
DA:60,0
DA:61,0
DA:63,0
DA:64,0
DA:65,0
DA:69,0
DA:70,0
DA:79,0
DA:80,0
DA:88,0
DA:89,0
LF:31
LH:0
BRDA:20,0,0,0
BRDA:20,0,1,0
BRDA:43,1,0,0
BRDA:57,2,0,0
BRDA:57,2,1,0
BRDA:63,3,0,0
BRDA:63,3,1,0
BRDA:69,4,0,0
BRDA:69,4,1,0
BRF:9
BRH:0
end_of_record
TN:
SF:src/dataProviders/baseProvider.ts
FN:2,(anonymous_0)
FN:6,(anonymous_1)
FN:10,(anonymous_2)
FNF:3
FNH:3
FNDA:1,(anonymous_0)
FNDA:1,(anonymous_1)
FNDA:1,(anonymous_2)
DA:1,2
DA:3,1
DA:7,1
DA:11,1
LF:4
LH:4
BRDA:6,0,0,0
BRF:1
BRH:0
end_of_record
TN:
SF:src/dataProviders/yahooProvider.ts
FN:6,(anonymous_1)
FN:9,(anonymous_2)
FN:18,(anonymous_3)
FN:34,(anonymous_4)
FNF:4
FNH:4
FNDA:7,(anonymous_1)
FNDA:2,(anonymous_2)
FNDA:3,(anonymous_3)
FNDA:1,(anonymous_4)
DA:1,1
DA:2,1
DA:3,1
DA:5,1
DA:7,7
DA:10,2
DA:11,2
DA:12,1
DA:14,1
DA:15,1
DA:19,3
DA:20,3
DA:21,3
DA:25,2
DA:29,1
DA:30,1
DA:35,1
LF:17
LH:17
BRDA:18,0,0,0
BRDA:25,1,0,2
BRDA:25,1,1,1
BRF:3
BRH:2
end_of_record
TN:
SF:src/strategies/meanReversionStrategy.ts
FN:41,(anonymous_0)
FN:50,(anonymous_1)
FN:86,(anonymous_2)
FN:87,(anonymous_3)
FN:94,(anonymous_4)
FN:104,(anonymous_5)
FN:111,(anonymous_6)
FN:118,(anonymous_7)
FN:127,(anonymous_8)
FN:134,(anonymous_9)
FN:147,runMeanReversionStrategy
FN:216,(anonymous_11)
FNF:12
FNH:10
FNDA:42,(anonymous_0)
FNDA:902,(anonymous_1)
FNDA:1470,(anonymous_2)
FNDA:8242,(anonymous_3)
FNDA:859,(anonymous_4)
FNDA:5,(anonymous_5)
FNDA:4,(anonymous_6)
FNDA:1,(anonymous_7)
FNDA:0,(anonymous_8)
FNDA:0,(anonymous_9)
FNDA:31,runMeanReversionStrategy
FNDA:56,(anonymous_11)
DA:35,2
DA:37,42
DA:38,42
DA:39,42
DA:42,42
DA:51,902
DA:54,902
DA:55,710
DA:59,902
DA:60,160
DA:63,742
DA:64,742
DA:67,742
DA:68,32
DA:69,32
DA:70,32
DA:74,710
DA:75,28
DA:76,28
DA:77,28
DA:80,682
DA:87,8242
DA:88,1470
DA:95,859
DA:96,131
DA:98,728
DA:105,5
DA:112,4
DA:119,1
DA:120,1
DA:121,1
DA:128,0
DA:135,0
DA:147,2
DA:155,31
DA:156,31
DA:161,31
DA:162,31
DA:163,31
DA:164,31
DA:165,31
DA:166,31
DA:167,31
DA:169,31
DA:170,859
DA:171,859
DA:172,859
DA:174,859
DA:176,28
DA:177,28
DA:178,28
DA:180,28
DA:181,28
DA:183,28
DA:185,28
DA:194,831
DA:196,28
DA:197,28
DA:199,28
DA:200,28
DA:202,28
DA:204,28
DA:215,28
DA:216,56
DA:217,28
DA:218,28
DA:220,28
DA:225,859
DA:226,859
DA:229,859
DA:230,56
DA:232,859
DA:233,859
DA:234,29
DA:239,31
DA:240,31
DA:241,31
DA:242,31
DA:244,31
LF:79
LH:77
BRDA:54,0,0,710
BRDA:54,0,1,192
BRDA:59,1,0,160
BRDA:59,1,1,742
BRDA:67,2,0,32
BRDA:67,2,1,710
BRDA:67,3,0,742
BRDA:67,3,1,112
BRDA:74,4,0,28
BRDA:74,4,1,682
BRDA:74,5,0,710
BRDA:74,5,1,169
BRDA:95,6,0,131
BRDA:95,6,1,728
BRDA:174,7,0,28
BRDA:174,7,1,831
BRDA:174,8,0,859
BRDA:174,8,1,28
BRDA:183,9,0,28
BRDA:183,9,1,0
BRDA:191,10,0,28
BRDA:191,10,1,0
BRDA:194,11,0,28
BRDA:194,11,1,803
BRDA:194,12,0,831
BRDA:194,12,1,28
BRDA:202,13,0,28
BRDA:202,13,1,0
BRDA:210,14,0,28
BRDA:210,14,1,0
BRDA:215,15,0,28
BRDA:215,15,1,0
BRDA:217,16,0,28
BRDA:217,16,1,0
BRDA:217,17,0,28
BRDA:217,17,1,28
BRDA:229,18,0,56
BRDA:229,18,1,803
BRDA:233,19,0,29
BRDA:233,19,1,830
BRDA:239,20,0,29
BRDA:239,20,1,2
BRDA:242,21,0,14
BRDA:242,21,1,17
BRF:44
BRH:38
end_of_record
TN:
SF:src/strategies/runStrategy.ts
FN:28,runStrategy
FNF:1
FNH:1
FNDA:18,runStrategy
DA:1,1
DA:28,1
DA:39,18
DA:42,18
LF:4
LH:4
BRDA:31,0,0,1
BRF:1
BRH:1
end_of_record
TN:
SF:src/utils/yahoo.ts
FN:12,fetchYahooData
FN:22,(anonymous_2)
FN:23,(anonymous_3)
FNF:3
FNH:0
FNDA:0,fetchYahooData
FNDA:0,(anonymous_2)
FNDA:0,(anonymous_3)
DA:1,0
DA:12,0
DA:13,0
DA:14,0
DA:16,0
DA:18,0
DA:19,0
DA:21,0
DA:22,0
DA:24,0
DA:25,0
LF:11
LH:0
BRDA:16,0,0,0
BRDA:16,0,1,0
BRF:2
BRH:0
end_of_record
